{
  "stats": {
    "suites": 1,
    "tests": 2,
    "passes": 2,
    "pending": 0,
    "failures": 0,
    "start": "2025-10-14T20:39:13.514Z",
    "end": "2025-10-14T20:39:16.875Z",
    "duration": 3361,
    "testsRegistered": 2,
    "passPercent": 100,
    "pendingPercent": 0,
    "other": 0,
    "hasOther": false,
    "skipped": 0,
    "hasSkipped": false
  },
  "results": [
    {
      "uuid": "51548521-659f-4bbe-b907-fbe724240caf",
      "title": "",
      "fullFile": "cypress\\e2e\\qauto-ls-19.cy.js",
      "file": "cypress\\e2e\\qauto-ls-19.cy.js",
      "beforeHooks": [],
      "afterHooks": [],
      "tests": [],
      "suites": [
        {
          "uuid": "74968d61-f289-413a-bcd6-47823e732fba",
          "title": "Search Sign Up button and Footer",
          "fullFile": "",
          "file": "",
          "beforeHooks": [],
          "afterHooks": [],
          "tests": [
            {
              "title": "Find \"Sign Up\" button by class",
              "fullTitle": "Search Sign Up button and Footer Find \"Sign Up\" button by class",
              "timedOut": null,
              "duration": 2495,
              "state": "passed",
              "speed": "fast",
              "pass": true,
              "fail": false,
              "pending": false,
              "context": null,
              "code": "// Search by class\ncy.get('.hero-descriptor_btn');",
              "err": {},
              "uuid": "52f4414e-53c6-4bc0-81cd-87e3ca1e2406",
              "parentUUID": "74968d61-f289-413a-bcd6-47823e732fba",
              "isHook": false,
              "skipped": false
            },
            {
              "title": "Check footer elements using different selector types",
              "fullTitle": "Search Sign Up button and Footer Check footer elements using different selector types",
              "timedOut": null,
              "duration": 634,
              "state": "passed",
              "speed": "fast",
              "pass": true,
              "fail": false,
              "pending": false,
              "context": null,
              "code": "// Search by multiple classes\ncy.get('.contacts_link.display-4').should('have.attr', 'href', 'https://ithillel.ua');\n// Search by class\ncy.get('.contacts_link.h4');\n// Search by element (icon inside link)\ncy.get('.socials_link .icon-facebook');\n// Search by href attribute (exact match)\ncy.get('[href=\"https://t.me/ithillel_kyiv\"]');\n// Search by href attribute (partial match)\ncy.get('[href*=\"www.youtube.com\"]');\n// Search by tag + class + href part\ncy.get('a.socials_link[href*=\"instagram.com\"]');\n// Find the last element via child selector\ncy.get('.socials_link:last-child');",
              "err": {},
              "uuid": "ce32e392-c5f3-4971-8f24-27b725b93be7",
              "parentUUID": "74968d61-f289-413a-bcd6-47823e732fba",
              "isHook": false,
              "skipped": false
            }
          ],
          "suites": [],
          "passes": [
            "52f4414e-53c6-4bc0-81cd-87e3ca1e2406",
            "ce32e392-c5f3-4971-8f24-27b725b93be7"
          ],
          "failures": [],
          "pending": [],
          "skipped": [],
          "duration": 3129,
          "root": false,
          "rootEmpty": false,
          "_timeout": 2000
        }
      ],
      "passes": [],
      "failures": [],
      "pending": [],
      "skipped": [],
      "duration": 0,
      "root": true,
      "rootEmpty": true,
      "_timeout": 2000
    }
  ],
  "meta": {
    "mocha": {
      "version": "7.2.0"
    },
    "mochawesome": {
      "options": {
        "quiet": false,
        "reportFilename": "mochawesome",
        "saveHtml": false,
        "saveJson": true,
        "consoleReporter": "spec",
        "useInlineDiffs": false,
        "code": true
      },
      "version": "7.1.4"
    },
    "marge": {
      "options": {
        "reportDir": "cypress/results",
        "overwrite": false,
        "html": false,
        "json": true
      },
      "version": "6.3.0"
    }
  }
}
