{
  "stats": {
    "suites": 1,
    "tests": 15,
    "passes": 15,
    "pending": 0,
    "failures": 0,
    "start": "2025-10-14T20:39:45.392Z",
    "end": "2025-10-14T20:40:33.058Z",
    "duration": 47666,
    "testsRegistered": 15,
    "passPercent": 100,
    "pendingPercent": 0,
    "other": 0,
    "hasOther": false,
    "skipped": 0,
    "hasSkipped": false
  },
  "results": [
    {
      "uuid": "ed4df554-0856-46c1-932a-8c04ac1ad11f",
      "title": "",
      "fullFile": "cypress\\e2e\\registration-form-test.cy.js",
      "file": "cypress\\e2e\\registration-form-test.cy.js",
      "beforeHooks": [],
      "afterHooks": [],
      "tests": [],
      "suites": [
        {
          "uuid": "7d9c4422-ab76-458c-b55e-0a9ffaeeaf11",
          "title": "Registration and Login tests",
          "fullFile": "",
          "file": "",
          "beforeHooks": [],
          "afterHooks": [],
          "tests": [
            {
              "title": "Registration user",
              "fullTitle": "Registration and Login tests Registration user",
              "timedOut": null,
              "duration": 4644,
              "state": "passed",
              "speed": "fast",
              "pass": true,
              "fail": false,
              "pending": false,
              "context": null,
              "code": "cy.url().should('include', 'qauto.forstudy.space');\ncy.get('.header_right > .btn').click();\ncy.contains('.modal-header', 'Log in');\ncy.contains('button', 'Registration').click();\ncy.contains('.modal-header', 'Registration');\ncy.get('#signupName').clear().type(userData.firstName).should('have.value', userData.firstName);\ncy.get('[name=\"lastName\"]').clear().type(userData.lastName).should('have.value', userData.lastName);\ncy.get('[formcontrolname=\"email\"]').clear().type(userData.email).should('have.value', userData.email);\ncy.get('#signupPassword').clear().type(userData.password, {\n  sensitive: true\n}).invoke('val').then(val => {\n  expect(val).to.eq(userData.password);\n});\ncy.get('#signupRepeatPassword').clear().type(userData.password, {\n  sensitive: true\n}).invoke('val').then(val => {\n  expect(val).to.eq(userData.password);\n});\nemail = userData.email;\npassword = userData.password;\ncy.contains('button', 'Register').click();",
              "err": {},
              "uuid": "30dac302-c01b-4c9c-8dda-33cce3ed3ec6",
              "parentUUID": "7d9c4422-ab76-458c-b55e-0a9ffaeeaf11",
              "isHook": false,
              "skipped": false
            },
            {
              "title": "Login user",
              "fullTitle": "Registration and Login tests Login user",
              "timedOut": null,
              "duration": 3044,
              "state": "passed",
              "speed": "fast",
              "pass": true,
              "fail": false,
              "pending": false,
              "context": null,
              "code": "cy.url().should('include', 'qauto.forstudy.space');\ncy.get('.header_right > .btn').click();\ncy.contains('.modal-header', 'Log in');\ncy.get('#signinEmail').clear().type(email).should('have.value', email);\ncy.get('#signinPassword').clear().type(password).invoke('val').then(val => {\n  expect(val).to.eq(password);\n});\ncy.contains('button', 'Login').click();\ncy.url().should('include', '/garage');\ncy.get('.alert.alert-success').should('be.visible').and('contain.text', 'You have been successfully logged in');\ncy.get('#userNavDropdown').click();\ncy.get('.user-nav_menu .dropdown-item').contains('Logout').click();",
              "err": {},
              "uuid": "7909c35b-7ef6-4a60-998d-df712abc3505",
              "parentUUID": "7d9c4422-ab76-458c-b55e-0a9ffaeeaf11",
              "isHook": false,
              "skipped": false
            },
            {
              "title": "Checking validation \"Name\" Empty field - \"Name is required\"",
              "fullTitle": "Registration and Login tests Checking validation \"Name\" Empty field - \"Name is required\"",
              "timedOut": null,
              "duration": 2792,
              "state": "passed",
              "speed": "fast",
              "pass": true,
              "fail": false,
              "pending": false,
              "context": null,
              "code": "cy.url().should('include', 'qauto.forstudy.space');\ncy.contains('button', 'Sign up').click();\ncy.contains('.modal-header', 'Registration');\ncy.get('#signupName').clear().focus().blur();\ncy.get('[name=\"lastName\"]').clear().type(userData.lastName).should('have.value', userData.lastName);\ncy.get('[formcontrolname=\"email\"]').clear().type(userData.email).should('have.value', userData.email);\ncy.get('#signupPassword').clear().type(userData.password).invoke('val').then(val => {\n  expect(val).to.eq(userData.password);\n});\ncy.get('#signupRepeatPassword').clear().type(userData.password).invoke('val').then(val => {\n  expect(val).to.eq(userData.password);\n});\ncy.get('.invalid-feedback').contains('Name required').should('be.visible');\ncy.contains('button', 'Register').should('be.disabled');",
              "err": {},
              "uuid": "4cd66503-be88-4cfb-9a2e-2a89b7ccf935",
              "parentUUID": "7d9c4422-ab76-458c-b55e-0a9ffaeeaf11",
              "isHook": false,
              "skipped": false
            },
            {
              "title": "Checking validation \"Name\" Wrong data - \"Name is invalid\"",
              "fullTitle": "Registration and Login tests Checking validation \"Name\" Wrong data - \"Name is invalid\"",
              "timedOut": null,
              "duration": 2829,
              "state": "passed",
              "speed": "fast",
              "pass": true,
              "fail": false,
              "pending": false,
              "context": null,
              "code": "cy.url().should('include', 'qauto.forstudy.space');\ncy.contains('button', 'Sign up').click();\ncy.contains('.modal-header', 'Registration');\ncy.get('#signupName').clear().type('!233').should('have.value', '!233');\ncy.get('[name=\"lastName\"]').clear().type(userData.lastName).should('have.value', userData.lastName);\ncy.get('[formcontrolname=\"email\"]').clear().type(userData.email).should('have.value', userData.email);\ncy.get('#signupPassword').clear().type(userData.password).invoke('val').then(val => {\n  expect(val).to.eq(userData.password);\n});\ncy.get('#signupRepeatPassword').clear().type(userData.password).invoke('val').then(val => {\n  expect(val).to.eq(userData.password);\n});\ncy.get('.invalid-feedback').contains('Name is invalid').should('be.visible');\ncy.get('#signupName').should('have.css', 'border-color', 'rgb(220, 53, 69)');\ncy.contains('button', 'Register').should('be.disabled');",
              "err": {},
              "uuid": "4a7a5805-3a15-45ac-a3e4-3a95d3e83235",
              "parentUUID": "7d9c4422-ab76-458c-b55e-0a9ffaeeaf11",
              "isHook": false,
              "skipped": false
            },
            {
              "title": "Should accept a valid name",
              "fullTitle": "Registration and Login tests Should accept a valid name",
              "timedOut": null,
              "duration": 2909,
              "state": "passed",
              "speed": "fast",
              "pass": true,
              "fail": false,
              "pending": false,
              "context": null,
              "code": "cy.url().should('include', 'qauto.forstudy.space');\ncy.contains('button', 'Sign up').click();\ncy.contains('.modal-header', 'Registration');\ncy.get('#signupName').clear().type(userData.firstName).should('have.value', userData.firstName);\ncy.get('[name=\"lastName\"]').clear().type(userData.lastName).should('have.value', userData.lastName);\ncy.get('[formcontrolname=\"email\"]').clear().type(userData.email).should('have.value', userData.email);\ncy.get('#signupPassword').clear().type(userData.password).invoke('val').then(val => {\n  expect(val).to.eq(userData.password);\n});\ncy.get('#signupRepeatPassword').clear().type(userData.password).invoke('val').then(val => {\n  expect(val).to.eq(userData.password);\n});\ncy.get('.invalid-feedback').should('not.exist');\ncy.get('#signupName').should('not.have.css', 'border-color', 'rgb(220, 53, 69)');\ncy.contains('button', 'Register').should('not.be.disabled');",
              "err": {},
              "uuid": "b9b58b60-a3c5-452b-a9d5-ba4d9278abda",
              "parentUUID": "7d9c4422-ab76-458c-b55e-0a9ffaeeaf11",
              "isHook": false,
              "skipped": false
            },
            {
              "title": "Checking validation \"Lats Name\" Wrong length - \"Last name has to be from 2 to 20 characters long\"",
              "fullTitle": "Registration and Login tests Checking validation \"Lats Name\" Wrong length - \"Last name has to be from 2 to 20 characters long\"",
              "timedOut": null,
              "duration": 3056,
              "state": "passed",
              "speed": "fast",
              "pass": true,
              "fail": false,
              "pending": false,
              "context": null,
              "code": "cy.url().should('include', 'qauto.forstudy.space');\ncy.contains('button', 'Sign up').click();\ncy.contains('.modal-header', 'Registration');\ncy.get('#signupName').clear().type(userData.firstName).should('have.value', userData.firstName);\ncy.get('[name=\"lastName\"]').clear().type('AlexanderTheGreatHero').should('have.value', 'AlexanderTheGreatHero');\ncy.get('[formcontrolname=\"email\"]').clear().type(userData.email).should('have.value', userData.email);\ncy.get('#signupPassword').clear().type(userData.password).invoke('val').then(val => {\n  expect(val).to.eq(userData.password);\n});\ncy.get('#signupRepeatPassword').clear().type(userData.password).invoke('val').then(val => {\n  expect(val).to.eq(userData.password);\n});\ncy.get('.invalid-feedback').contains('Last name has to be from 2 to 20 characters long').should('be.visible');\ncy.get('[name=\"lastName\"]').should('have.css', 'border-color', 'rgb(220, 53, 69)');\ncy.contains('button', 'Register').should('be.disabled');",
              "err": {},
              "uuid": "9f51a6da-4191-4936-aa62-3ba3764fc0dc",
              "parentUUID": "7d9c4422-ab76-458c-b55e-0a9ffaeeaf11",
              "isHook": false,
              "skipped": false
            },
            {
              "title": "Checking validation \"Lats Name\" Wrong data - \"Last name is invalid\"",
              "fullTitle": "Registration and Login tests Checking validation \"Lats Name\" Wrong data - \"Last name is invalid\"",
              "timedOut": null,
              "duration": 2715,
              "state": "passed",
              "speed": "fast",
              "pass": true,
              "fail": false,
              "pending": false,
              "context": null,
              "code": "cy.url().should('include', 'qauto.forstudy.space');\ncy.contains('button', 'Sign up').click();\ncy.contains('.modal-header', 'Registration');\ncy.get('#signupName').clear().type(userData.firstName).should('have.value', userData.firstName);\ncy.get('[name=\"lastName\"]').clear().type('Dora-cal').should('have.value', 'Dora-cal');\ncy.get('[formcontrolname=\"email\"]').clear().type(userData.email).should('have.value', userData.email);\ncy.get('#signupPassword').clear().type(userData.password).invoke('val').then(val => {\n  expect(val).to.eq(userData.password);\n});\ncy.get('#signupRepeatPassword').clear().type(userData.password).invoke('val').then(val => {\n  expect(val).to.eq(userData.password);\n});\ncy.get('.invalid-feedback').contains('Last name is invalid').should('be.visible');\ncy.get('[name=\"lastName\"]').should('have.css', 'border-color', 'rgb(220, 53, 69)');\ncy.contains('button', 'Register').should('be.disabled');",
              "err": {},
              "uuid": "b2d54d9d-2dbd-4986-83c9-7d635c792796",
              "parentUUID": "7d9c4422-ab76-458c-b55e-0a9ffaeeaf11",
              "isHook": false,
              "skipped": false
            },
            {
              "title": "Should accept a valid last name",
              "fullTitle": "Registration and Login tests Should accept a valid last name",
              "timedOut": null,
              "duration": 2852,
              "state": "passed",
              "speed": "fast",
              "pass": true,
              "fail": false,
              "pending": false,
              "context": null,
              "code": "cy.url().should('include', 'qauto.forstudy.space');\ncy.contains('button', 'Sign up').click();\ncy.contains('.modal-header', 'Registration');\ncy.get('#signupName').clear().type(userData.firstName).should('have.value', userData.firstName);\ncy.get('[name=\"lastName\"]').clear().type(userData.lastName).should('have.value', userData.lastName);\ncy.get('[formcontrolname=\"email\"]').clear().type(userData.email).should('have.value', userData.email);\ncy.get('#signupPassword').clear().type(userData.password).invoke('val').then(val => {\n  expect(val).to.eq(userData.password);\n});\ncy.get('#signupRepeatPassword').clear().type(userData.password).invoke('val').then(val => {\n  expect(val).to.eq(userData.password);\n});\ncy.get('.invalid-feedback').should('not.exist');\ncy.get('[name=\"lastName\"]').should('not.have.css', 'border-color', 'rgb(220, 53, 69)');\ncy.contains('button', 'Register').should('not.be.disabled');",
              "err": {},
              "uuid": "78a0c906-872c-4c05-8f6b-558fae4140ef",
              "parentUUID": "7d9c4422-ab76-458c-b55e-0a9ffaeeaf11",
              "isHook": false,
              "skipped": false
            },
            {
              "title": "Checking validation \"Email\" For empty field - \"Email required\"",
              "fullTitle": "Registration and Login tests Checking validation \"Email\" For empty field - \"Email required\"",
              "timedOut": null,
              "duration": 2435,
              "state": "passed",
              "speed": "fast",
              "pass": true,
              "fail": false,
              "pending": false,
              "context": null,
              "code": "cy.url().should('include', 'qauto.forstudy.space');\ncy.contains('button', 'Sign up').click();\ncy.contains('.modal-header', 'Registration');\ncy.get('#signupName').type(userData.firstName).should('have.value', userData.firstName);\ncy.get('[name=\"lastName\"]').clear().type(userData.lastName).should('have.value', userData.lastName);\ncy.get('[formcontrolname=\"email\"]').focus().clear();\ncy.get('#signupPassword').clear().type(userData.password).invoke('val').then(val => {\n  expect(val).to.eq(userData.password);\n});\ncy.get('#signupRepeatPassword').clear().type(userData.password).invoke('val').then(val => {\n  expect(val).to.eq(userData.password);\n});\ncy.get('.invalid-feedback').contains('Email required').should('be.visible');\ncy.get('[formcontrolname=\"email\"]').should('have.css', 'border-color', 'rgb(220, 53, 69)');\ncy.contains('button', 'Register').should('be.disabled');",
              "err": {},
              "uuid": "9e7b73f4-2211-462c-b732-d5e0ff1fa0b1",
              "parentUUID": "7d9c4422-ab76-458c-b55e-0a9ffaeeaf11",
              "isHook": false,
              "skipped": false
            },
            {
              "title": "Checking validation \"Email\" Wrong data - \"Email is incorrect\"",
              "fullTitle": "Registration and Login tests Checking validation \"Email\" Wrong data - \"Email is incorrect\"",
              "timedOut": null,
              "duration": 2664,
              "state": "passed",
              "speed": "fast",
              "pass": true,
              "fail": false,
              "pending": false,
              "context": null,
              "code": "cy.url().should('include', 'qauto.forstudy.space');\ncy.contains('button', 'Sign up').click();\ncy.contains('.modal-header', 'Registration');\ncy.get('#signupName').type(userData.firstName).should('have.value', userData.firstName);\ncy.get('[name=\"lastName\"]').clear().type(userData.lastName).should('have.value', userData.lastName);\ncy.get('[formcontrolname=\"email\"]').clear().type('123mail.com').should('have.value', '123mail.com');\ncy.get('#signupPassword').clear().type(userData.password).invoke('val').then(val => {\n  expect(val).to.eq(userData.password);\n});\ncy.get('#signupRepeatPassword').clear().type(userData.password).invoke('val').then(val => {\n  expect(val).to.eq(userData.password);\n});\ncy.get('.invalid-feedback').contains('Email is incorrect').should('be.visible');\ncy.get('[formcontrolname=\"email\"]').should('have.css', 'border-color', 'rgb(220, 53, 69)');\ncy.contains('button', 'Register').should('be.disabled');",
              "err": {},
              "uuid": "9c0cd7bc-500d-433e-9abb-f0e9644424c1",
              "parentUUID": "7d9c4422-ab76-458c-b55e-0a9ffaeeaf11",
              "isHook": false,
              "skipped": false
            },
            {
              "title": "Should accept a valid Email",
              "fullTitle": "Registration and Login tests Should accept a valid Email",
              "timedOut": null,
              "duration": 3143,
              "state": "passed",
              "speed": "fast",
              "pass": true,
              "fail": false,
              "pending": false,
              "context": null,
              "code": "cy.url().should('include', 'qauto.forstudy.space');\ncy.contains('button', 'Sign up').click();\ncy.contains('.modal-header', 'Registration');\ncy.get('#signupName').clear().type(userData.firstName).should('have.value', userData.firstName);\ncy.get('[name=\"lastName\"]').clear().type(userData.lastName).should('have.value', userData.lastName);\ncy.get('[formcontrolname=\"email\"]').clear().type(userData.email).should('have.value', userData.email);\ncy.get('#signupPassword').clear().type(userData.password).invoke('val').then(val => {\n  expect(val).to.eq(userData.password);\n});\ncy.get('#signupRepeatPassword').clear().type(userData.password).invoke('val').then(val => {\n  expect(val).to.eq(userData.password);\n});\ncy.get('.invalid-feedback').should('not.exist');\ncy.get('[formcontrolname=\"email\"]').should('not.have.css', 'border-color', 'rgb(220, 53, 69)');\ncy.contains('button', 'Register').should('not.be.disabled');",
              "err": {},
              "uuid": "0581bbe1-a176-4a99-a51a-158d7c095985",
              "parentUUID": "7d9c4422-ab76-458c-b55e-0a9ffaeeaf11",
              "isHook": false,
              "skipped": false
            },
            {
              "title": "Checking validation \"Password \" For empty field error - \"Password required\"",
              "fullTitle": "Registration and Login tests Checking validation \"Password \" For empty field error - \"Password required\"",
              "timedOut": null,
              "duration": 2965,
              "state": "passed",
              "speed": "fast",
              "pass": true,
              "fail": false,
              "pending": false,
              "context": null,
              "code": "cy.url().should('include', 'qauto.forstudy.space');\ncy.contains('button', 'Sign up').click();\ncy.contains('.modal-header', 'Registration');\ncy.get('#signupName').type(userData.firstName).should('have.value', userData.firstName);\ncy.get('[name=\"lastName\"]').clear().type(userData.lastName).should('have.value', userData.lastName);\ncy.get('[formcontrolname=\"email\"]').clear().type(userData.email).should('have.value', userData.email);\ncy.get('#signupPassword').focus().clear();\ncy.get('#signupRepeatPassword').clear().type(userData.password).invoke('val').then(val => {\n  expect(val).to.eq(userData.password);\n});\ncy.get('.invalid-feedback').contains('Password required').should('be.visible');\ncy.get('#signupPassword').should('have.css', 'border-color', 'rgb(220, 53, 69)');\ncy.contains('button', 'Register').should('be.disabled');",
              "err": {},
              "uuid": "90937b00-18f0-4444-a53f-f1c217216bfe",
              "parentUUID": "7d9c4422-ab76-458c-b55e-0a9ffaeeaf11",
              "isHook": false,
              "skipped": false
            },
            {
              "title": "Checking validation \"Password \" Wrong data - \"Password has to be from 8 to 15 characters long and contain at least one integer, one capital, and one small letter\"",
              "fullTitle": "Registration and Login tests Checking validation \"Password \" Wrong data - \"Password has to be from 8 to 15 characters long and contain at least one integer, one capital, and one small letter\"",
              "timedOut": null,
              "duration": 3529,
              "state": "passed",
              "speed": "fast",
              "pass": true,
              "fail": false,
              "pending": false,
              "context": null,
              "code": "cy.url().should('include', 'qauto.forstudy.space');\ncy.contains('button', 'Sign up').click();\ncy.contains('.modal-header', 'Registration');\ncy.get('#signupName').type(userData.firstName).should('have.value', userData.firstName);\ncy.get('[name=\"lastName\"]').clear().type(userData.lastName).should('have.value', userData.lastName);\ncy.get('[formcontrolname=\"email\"]').clear().type(userData.email).should('have.value', userData.email);\ncy.get('#signupPassword').clear().type('Qwerqwerqwerqwerqwer').should('have.value', 'Qwerqwerqwerqwerqwer');\ncy.get('#signupRepeatPassword').clear().type(userData.password).invoke('val').then(val => {\n  expect(val).to.eq(userData.password);\n});\ncy.get('.invalid-feedback').contains('Password has to be from 8 to 15 characters long and contain at least one integer, one capital, and one small letter').should('be.visible');\ncy.get('#signupPassword').should('have.css', 'border-color', 'rgb(220, 53, 69)');\ncy.contains('button', 'Register').should('be.disabled');",
              "err": {},
              "uuid": "0349c536-d3e3-4691-8425-bd6fa89af895",
              "parentUUID": "7d9c4422-ab76-458c-b55e-0a9ffaeeaf11",
              "isHook": false,
              "skipped": false
            },
            {
              "title": "Checking validation \"Re-enter password\" For empty field error - \"Re-enter password required\"",
              "fullTitle": "Registration and Login tests Checking validation \"Re-enter password\" For empty field error - \"Re-enter password required\"",
              "timedOut": null,
              "duration": 3216,
              "state": "passed",
              "speed": "fast",
              "pass": true,
              "fail": false,
              "pending": false,
              "context": null,
              "code": "cy.url().should('include', 'qauto.forstudy.space');\ncy.contains('button', 'Sign up').click();\ncy.contains('.modal-header', 'Registration');\ncy.get('#signupName').type(userData.firstName).should('have.value', userData.firstName);\ncy.get('[name=\"lastName\"]').clear().type(userData.lastName).should('have.value', userData.lastName);\ncy.get('[formcontrolname=\"email\"]').clear().type(userData.email).should('have.value', userData.email);\ncy.get('#signupPassword').clear().type(userData.password).should('have.value', userData.password);\ncy.get('#signupRepeatPassword').focus().clear().blur();\ncy.get('.invalid-feedback').contains('Re-enter password required').should('be.visible');\ncy.get('#signupRepeatPassword').should('have.css', 'border-color', 'rgb(220, 53, 69)');\ncy.contains('button', 'Register').should('be.disabled');",
              "err": {},
              "uuid": "531788b0-952d-4189-b3b3-9e8046ae44a1",
              "parentUUID": "7d9c4422-ab76-458c-b55e-0a9ffaeeaf11",
              "isHook": false,
              "skipped": false
            },
            {
              "title": "Checking validation \"Re-enter password\" Passwords do not match.\"",
              "fullTitle": "Registration and Login tests Checking validation \"Re-enter password\" Passwords do not match.\"",
              "timedOut": null,
              "duration": 3427,
              "state": "passed",
              "speed": "fast",
              "pass": true,
              "fail": false,
              "pending": false,
              "context": null,
              "code": "cy.url().should('include', 'qauto.forstudy.space');\ncy.contains('button', 'Sign up').click();\ncy.contains('.modal-header', 'Registration');\ncy.get('#signupName').type(userData.firstName).should('have.value', userData.firstName);\ncy.get('[name=\"lastName\"]').clear().type(userData.lastName).should('have.value', userData.lastName);\ncy.get('[formcontrolname=\"email\"]').clear().type(userData.email).should('have.value', userData.email);\ncy.get('#signupPassword').clear().type(userData.password).invoke('val').then(val => {\n  expect(val).to.eq(userData.password);\n});\ncy.get('#signupRepeatPassword').clear().type('QWEr1235!').blur();\ncy.get('#signupRepeatPassword').invoke('val').then(val => {\n  expect(val).to.eq('QWEr1235!');\n});\ncy.contains('button', 'Register').should('be.disabled');\ncy.get('.invalid-feedback').contains('Passwords do not match').should('be.visible');\ncy.get('#signupRepeatPassword').should('have.css', 'border-color', 'rgb(220, 53, 69)');",
              "err": {},
              "uuid": "95d48622-90d9-40dc-a7df-8131c202f131",
              "parentUUID": "7d9c4422-ab76-458c-b55e-0a9ffaeeaf11",
              "isHook": false,
              "skipped": false
            }
          ],
          "suites": [],
          "passes": [
            "30dac302-c01b-4c9c-8dda-33cce3ed3ec6",
            "7909c35b-7ef6-4a60-998d-df712abc3505",
            "4cd66503-be88-4cfb-9a2e-2a89b7ccf935",
            "4a7a5805-3a15-45ac-a3e4-3a95d3e83235",
            "b9b58b60-a3c5-452b-a9d5-ba4d9278abda",
            "9f51a6da-4191-4936-aa62-3ba3764fc0dc",
            "b2d54d9d-2dbd-4986-83c9-7d635c792796",
            "78a0c906-872c-4c05-8f6b-558fae4140ef",
            "9e7b73f4-2211-462c-b732-d5e0ff1fa0b1",
            "9c0cd7bc-500d-433e-9abb-f0e9644424c1",
            "0581bbe1-a176-4a99-a51a-158d7c095985",
            "90937b00-18f0-4444-a53f-f1c217216bfe",
            "0349c536-d3e3-4691-8425-bd6fa89af895",
            "531788b0-952d-4189-b3b3-9e8046ae44a1",
            "95d48622-90d9-40dc-a7df-8131c202f131"
          ],
          "failures": [],
          "pending": [],
          "skipped": [],
          "duration": 46220,
          "root": false,
          "rootEmpty": false,
          "_timeout": 2000
        }
      ],
      "passes": [],
      "failures": [],
      "pending": [],
      "skipped": [],
      "duration": 0,
      "root": true,
      "rootEmpty": true,
      "_timeout": 2000
    }
  ],
  "meta": {
    "mocha": {
      "version": "7.2.0"
    },
    "mochawesome": {
      "options": {
        "quiet": false,
        "reportFilename": "mochawesome",
        "saveHtml": false,
        "saveJson": true,
        "consoleReporter": "spec",
        "useInlineDiffs": false,
        "code": true
      },
      "version": "7.1.4"
    },
    "marge": {
      "options": {
        "reportDir": "cypress/results",
        "overwrite": false,
        "html": false,
        "json": true
      },
      "version": "6.3.0"
    }
  }
}
