{
  "stats": {
    "suites": 1,
    "tests": 2,
    "passes": 2,
    "pending": 0,
    "failures": 0,
    "start": "2025-10-18T19:15:33.024Z",
    "end": "2025-10-18T19:15:36.461Z",
    "duration": 3437,
    "testsRegistered": 2,
    "passPercent": 100,
    "pendingPercent": 0,
    "other": 0,
    "hasOther": false,
    "skipped": 0,
    "hasSkipped": false
  },
  "results": [
    {
      "uuid": "f3e7cb21-7b71-4ad4-a6f4-710be42f24fc",
      "title": "",
      "fullFile": "cypress\\e2e\\qauto-ls-19.cy.js",
      "file": "cypress\\e2e\\qauto-ls-19.cy.js",
      "beforeHooks": [],
      "afterHooks": [],
      "tests": [],
      "suites": [
        {
          "uuid": "fa31fa4f-0151-4d64-8b09-9392be66a9d4",
          "title": "Search Sign Up button and Footer",
          "fullFile": "",
          "file": "",
          "beforeHooks": [],
          "afterHooks": [],
          "tests": [
            {
              "title": "Find \"Sign Up\" button by class",
              "fullTitle": "Search Sign Up button and Footer Find \"Sign Up\" button by class",
              "timedOut": null,
              "duration": 2612,
              "state": "passed",
              "speed": "fast",
              "pass": true,
              "fail": false,
              "pending": false,
              "context": null,
              "code": "// Search by class\ncy.get('.hero-descriptor_btn');",
              "err": {},
              "uuid": "e6295b08-b558-4d49-9a36-040ea15d7483",
              "parentUUID": "fa31fa4f-0151-4d64-8b09-9392be66a9d4",
              "isHook": false,
              "skipped": false
            },
            {
              "title": "Check footer elements using different selector types",
              "fullTitle": "Search Sign Up button and Footer Check footer elements using different selector types",
              "timedOut": null,
              "duration": 604,
              "state": "passed",
              "speed": "fast",
              "pass": true,
              "fail": false,
              "pending": false,
              "context": null,
              "code": "// Search by multiple classes\ncy.get('.contacts_link.display-4').should('have.attr', 'href', 'https://ithillel.ua');\n// Search by class\ncy.get('.contacts_link.h4');\n// Search by element (icon inside link)\ncy.get('.socials_link .icon-facebook');\n// Search by href attribute (exact match)\ncy.get('[href=\"https://t.me/ithillel_kyiv\"]');\n// Search by href attribute (partial match)\ncy.get('[href*=\"www.youtube.com\"]');\n// Search by tag + class + href part\ncy.get('a.socials_link[href*=\"instagram.com\"]');\n// Find the last element via child selector\ncy.get('.socials_link:last-child');",
              "err": {},
              "uuid": "e25c1dec-ab84-478d-a2c4-20b6d1a68d6d",
              "parentUUID": "fa31fa4f-0151-4d64-8b09-9392be66a9d4",
              "isHook": false,
              "skipped": false
            }
          ],
          "suites": [],
          "passes": [
            "e6295b08-b558-4d49-9a36-040ea15d7483",
            "e25c1dec-ab84-478d-a2c4-20b6d1a68d6d"
          ],
          "failures": [],
          "pending": [],
          "skipped": [],
          "duration": 3216,
          "root": false,
          "rootEmpty": false,
          "_timeout": 2000
        }
      ],
      "passes": [],
      "failures": [],
      "pending": [],
      "skipped": [],
      "duration": 0,
      "root": true,
      "rootEmpty": true,
      "_timeout": 2000
    }
  ],
  "meta": {
    "mocha": {
      "version": "7.2.0"
    },
    "mochawesome": {
      "options": {
        "quiet": false,
        "reportFilename": "mochawesome",
        "saveHtml": true,
        "saveJson": true,
        "consoleReporter": "spec",
        "useInlineDiffs": false,
        "code": true
      },
      "version": "7.1.4"
    },
    "marge": {
      "options": {
        "reportDir": "cypress/reports",
        "overwrite": false,
        "html": true,
        "json": true
      },
      "version": "6.3.0"
    }
  }
}
