{
  "stats": {
    "suites": 2,
    "tests": 5,
    "passes": 3,
    "pending": 0,
    "failures": 2,
    "start": "2025-10-17T20:27:30.146Z",
    "end": "2025-10-17T20:28:15.009Z",
    "duration": 44863,
    "testsRegistered": 5,
    "passPercent": 60,
    "pendingPercent": 0,
    "other": 0,
    "hasOther": false,
    "skipped": 0,
    "hasSkipped": false
  },
  "results": [
    {
      "uuid": "d6df9f33-4726-4d1d-8772-7e6128b7b08e",
      "title": "",
      "fullFile": "cypress\\e2e\\qauto-ls-21.cy.js",
      "file": "cypress\\e2e\\qauto-ls-21.cy.js",
      "beforeHooks": [],
      "afterHooks": [],
      "tests": [],
      "suites": [
        {
          "uuid": "9d5589d2-6882-4bba-924d-12890b025d97",
          "title": "Registration and Login tests for QAuto1",
          "fullFile": "",
          "file": "",
          "beforeHooks": [],
          "afterHooks": [],
          "tests": [
            {
              "title": "Registration user - Element-oriented POM",
              "fullTitle": "Registration and Login tests for QAuto1 Registration user - Element-oriented POM",
              "timedOut": null,
              "duration": 4704,
              "state": "passed",
              "speed": "fast",
              "pass": true,
              "fail": false,
              "pending": false,
              "context": null,
              "code": "registrationPage.openRegistrationModal();\nregistrationPage.firstNameInput.clear().type(userData1.firstName).should('have.value', userData1.firstName);\nregistrationPage.lastNameInput.clear().type(userData1.lastName).should('have.value', userData1.lastName);\nregistrationPage.emailInput.clear().type(userData1.email).should('have.value', userData1.email);\nregistrationPage.passwordInput.clear().type(userData1.password, {\n  sensitive: true\n});\nregistrationPage.repeatPasswordInput.clear().type(userData1.password, {\n  sensitive: true\n});\nregistrationPage.registerButton.click();",
              "err": {},
              "uuid": "405abaa3-ccb4-4003-bc08-9b1683eb95bd",
              "parentUUID": "9d5589d2-6882-4bba-924d-12890b025d97",
              "isHook": false,
              "skipped": false
            },
            {
              "title": "Login user - Element-oriented POM",
              "fullTitle": "Registration and Login tests for QAuto1 Login user - Element-oriented POM",
              "timedOut": null,
              "duration": 2594,
              "state": "passed",
              "speed": "fast",
              "pass": true,
              "fail": false,
              "pending": false,
              "context": null,
              "code": "signIn.openLogInModal();\nsignIn.emailInput.clear().type(email).should('have.value', email);\nsignIn.passwordInput.clear().type(password).invoke('val').then(val => expect(val).to.eq(password));\nsignIn.submitLoginButton.click();\nsignIn.alert.should('be.visible').and('contain.text', 'You have been successfully logged in');\ncy.url().should('include', '/garage');\nsignIn.profileDropdown.click();\nsignIn.logoutOption.click();",
              "err": {},
              "uuid": "580949ce-2386-4764-b49b-7c2bc75b344d",
              "parentUUID": "9d5589d2-6882-4bba-924d-12890b025d97",
              "isHook": false,
              "skipped": false
            },
            {
              "title": "Homework ",
              "fullTitle": "Registration and Login tests for QAuto1 Homework ",
              "timedOut": null,
              "duration": 4811,
              "state": "passed",
              "speed": "fast",
              "pass": true,
              "fail": false,
              "pending": false,
              "context": null,
              "code": "cy.get('.header_right > .btn').click();\ncy.contains('.modal-header', 'Log in');\ncy.get('#signinEmail').clear().type(email).should('have.value', email);\ncy.get('#signinPassword').clear().type(password).invoke('val').then(val => {\n  expect(val).to.eq(password);\n});\ncy.contains('button', 'Login').click();\ncy.url().should('include', '/garage');\ncy.contains('button', 'Add car').click();\ncy.get('h4').should('have.text', 'Add a car');\ncy.get('#addCarBrand').select('BMW').should('have.value', '1: 2');\ncy.get('#addCarModel').select('X5').should('have.value', '7: 8');\ncy.get('#addCarMileage').type('5500').should('have.value', '5500');\ncy.get('.modal-footer > .btn-primary').should('be.visible').click();\ncy.get('p.car_name.h2').should('have.text', 'BMW X5');\ncy.contains('button', 'Add fuel expense').click();\ncy.get('h4').should('have.text', 'Add an expense');\ncy.get('#addExpenseCar').find('option:selected').should('have.text', 'BMW X5');\ncy.get('#addExpenseDate').clear().type('17.10.2025').should('have.value', '17.10.2025');\ncy.get('#addExpenseMileage').clear().type('20000').should('have.value', '20000');\ncy.get('#addExpenseLiters').clear().type('80').should('have.value', '80');\ncy.get('#addExpenseTotalCost').clear().type('9000').should('have.value', '9000');\ncy.get('.modal-footer').within(() => {\n  cy.get('button.btn-primary').contains('Add').click();\n});",
              "err": {},
              "uuid": "eaaffd58-8f17-49c4-8fbc-8fa002c8bf99",
              "parentUUID": "9d5589d2-6882-4bba-924d-12890b025d97",
              "isHook": false,
              "skipped": false
            }
          ],
          "suites": [
            {
              "uuid": "d68f38fc-7179-4782-9323-ca0bc729870b",
              "title": "Registration and Login tests for QAuto2",
              "fullFile": "",
              "file": "",
              "beforeHooks": [],
              "afterHooks": [],
              "tests": [
                {
                  "title": "Registration user2 - Methodological POM",
                  "fullTitle": "Registration and Login tests for QAuto1 Registration and Login tests for QAuto2 Registration user2 - Methodological POM",
                  "timedOut": null,
                  "duration": 7658,
                  "state": "failed",
                  "speed": null,
                  "pass": false,
                  "fail": true,
                  "pending": false,
                  "context": null,
                  "code": "RegistrationPage2.openRegistrationModal().typeFirstName(userData2.firstName).typeLastName(userData2.lastName).typeEmail(userData2.email).typePassword(userData2.password).clickRegisterButton();",
                  "err": {
                    "message": "CypressError: Timed out retrying after 4000ms: The command was expected to run against origin `https://qauto.forstudy.space` but the application is at origin `https://qauto2.forstudy.space`.\n\nThis commonly happens when you have either not navigated to the expected origin or have navigated away unexpectedly.\n\nUsing `cy.origin()` to wrap the commands run on `https://qauto2.forstudy.space` will likely fix this issue.\n\n`cy.origin('https://qauto2.forstudy.space', () => {`\n`  <commands targeting https://qauto2.forstudy.space go here>`\n`})`\n\nhttps://on.cypress.io/cy-visit-succeeded-but-commands-fail",
                    "estack": "CypressError: Timed out retrying after 4000ms: The command was expected to run against origin `https://qauto.forstudy.space` but the application is at origin `https://qauto2.forstudy.space`.\n\nThis commonly happens when you have either not navigated to the expected origin or have navigated away unexpectedly.\n\nUsing `cy.origin()` to wrap the commands run on `https://qauto2.forstudy.space` will likely fix this issue.\n\n`cy.origin('https://qauto2.forstudy.space', () => {`\n`  <commands targeting https://qauto2.forstudy.space go here>`\n`})`\n\nhttps://on.cypress.io/cy-visit-succeeded-but-commands-fail\n    at cypressErr (https://qauto.forstudy.space/__cypress/runner/cypress_runner.js:77732:18)\n    at Object.errByPath (https://qauto.forstudy.space/__cypress/runner/cypress_runner.js:77786:10)\n    at Object.commandCanCommunicateWithAUT (https://qauto.forstudy.space/__cypress/runner/cypress_runner.js:148540:90)\n    at <unknown> (https://qauto.forstudy.space/__cypress/runner/cypress_runner.js:135414:22)\n    at Object.subjectFn (https://qauto.forstudy.space/__cypress/runner/cypress_runner.js:147382:16)\n    at $Cy.verifyUpcomingAssertions (https://qauto.forstudy.space/__cypress/runner/cypress_runner.js:146710:31)\n    at onRetry (https://qauto.forstudy.space/__cypress/runner/cypress_runner.js:147373:15)\n    at tryCatcher (https://qauto.forstudy.space/__cypress/runner/cypress_runner.js:1777:23)\n    at Promise.attempt.Promise.try (https://qauto.forstudy.space/__cypress/runner/cypress_runner.js:4285:29)\n    at whenStable (https://qauto.forstudy.space/__cypress/runner/cypress_runner.js:147260:68)\n    at <unknown> (https://qauto.forstudy.space/__cypress/runner/cypress_runner.js:147201:14)\n    at tryCatcher (https://qauto.forstudy.space/__cypress/runner/cypress_runner.js:1777:23)\n    at Promise._settlePromiseFromHandler (https://qauto.forstudy.space/__cypress/runner/cypress_runner.js:1489:31)\n    at Promise._settlePromise (https://qauto.forstudy.space/__cypress/runner/cypress_runner.js:1546:18)\n    at Promise._settlePromise0 (https://qauto.forstudy.space/__cypress/runner/cypress_runner.js:1591:10)\n    at Promise._settlePromises (https://qauto.forstudy.space/__cypress/runner/cypress_runner.js:1671:18)\n    at Promise._fulfill (https://qauto.forstudy.space/__cypress/runner/cypress_runner.js:1615:18)\n    at <unknown> (https://qauto.forstudy.space/__cypress/runner/cypress_runner.js:5420:46)\nFrom Your Spec Code:\n    at get loginButtonHeader (webpack://cypress-test-project/./cypress/e2e/LoginPage-Element-oriented.js:55:38)\n    at RegistrationPage.openRegistrationModal (webpack://cypress-test-project/./cypress/e2e/LoginPage-Element-oriented.js:61:9)\n    at Context.eval (webpack://cypress-test-project/./cypress/e2e/qauto-ls-21.cy.js:157:7)",
                    "diff": null
                  },
                  "uuid": "f40527e0-8e5a-4ab4-a1d3-eb719da81b85",
                  "parentUUID": "d68f38fc-7179-4782-9323-ca0bc729870b",
                  "isHook": false,
                  "skipped": false
                },
                {
                  "title": "Login user2 - Methodological POM",
                  "fullTitle": "Registration and Login tests for QAuto1 Registration and Login tests for QAuto2 Login user2 - Methodological POM",
                  "timedOut": null,
                  "duration": 7519,
                  "state": "failed",
                  "speed": null,
                  "pass": false,
                  "fail": true,
                  "pending": false,
                  "context": null,
                  "code": "signInMethodological.openLoginModalMeth().typeEmail(email).typePassword(password).clickLogIn().verifyAlert('You have been successfully logged in').clickProfileDropdown().clickLogout();",
                  "err": {
                    "message": "CypressError: Timed out retrying after 4000ms: The command was expected to run against origin `https://qauto.forstudy.space` but the application is at origin `https://qauto2.forstudy.space`.\n\nThis commonly happens when you have either not navigated to the expected origin or have navigated away unexpectedly.\n\nUsing `cy.origin()` to wrap the commands run on `https://qauto2.forstudy.space` will likely fix this issue.\n\n`cy.origin('https://qauto2.forstudy.space', () => {`\n`  <commands targeting https://qauto2.forstudy.space go here>`\n`})`\n\nhttps://on.cypress.io/cy-visit-succeeded-but-commands-fail",
                    "estack": "CypressError: Timed out retrying after 4000ms: The command was expected to run against origin `https://qauto.forstudy.space` but the application is at origin `https://qauto2.forstudy.space`.\n\nThis commonly happens when you have either not navigated to the expected origin or have navigated away unexpectedly.\n\nUsing `cy.origin()` to wrap the commands run on `https://qauto2.forstudy.space` will likely fix this issue.\n\n`cy.origin('https://qauto2.forstudy.space', () => {`\n`  <commands targeting https://qauto2.forstudy.space go here>`\n`})`\n\nhttps://on.cypress.io/cy-visit-succeeded-but-commands-fail\n    at cypressErr (https://qauto.forstudy.space/__cypress/runner/cypress_runner.js:77732:18)\n    at Object.errByPath (https://qauto.forstudy.space/__cypress/runner/cypress_runner.js:77786:10)\n    at Object.commandCanCommunicateWithAUT (https://qauto.forstudy.space/__cypress/runner/cypress_runner.js:148540:90)\n    at <unknown> (https://qauto.forstudy.space/__cypress/runner/cypress_runner.js:135414:22)\n    at Object.subjectFn (https://qauto.forstudy.space/__cypress/runner/cypress_runner.js:147382:16)\n    at $Cy.verifyUpcomingAssertions (https://qauto.forstudy.space/__cypress/runner/cypress_runner.js:146710:31)\n    at onRetry (https://qauto.forstudy.space/__cypress/runner/cypress_runner.js:147373:15)\n    at tryCatcher (https://qauto.forstudy.space/__cypress/runner/cypress_runner.js:1777:23)\n    at Promise.attempt.Promise.try (https://qauto.forstudy.space/__cypress/runner/cypress_runner.js:4285:29)\n    at whenStable (https://qauto.forstudy.space/__cypress/runner/cypress_runner.js:147260:68)\n    at <unknown> (https://qauto.forstudy.space/__cypress/runner/cypress_runner.js:147201:14)\n    at tryCatcher (https://qauto.forstudy.space/__cypress/runner/cypress_runner.js:1777:23)\n    at Promise._settlePromiseFromHandler (https://qauto.forstudy.space/__cypress/runner/cypress_runner.js:1489:31)\n    at Promise._settlePromise (https://qauto.forstudy.space/__cypress/runner/cypress_runner.js:1546:18)\n    at Promise._settlePromise0 (https://qauto.forstudy.space/__cypress/runner/cypress_runner.js:1591:10)\n    at Promise._settlePromises (https://qauto.forstudy.space/__cypress/runner/cypress_runner.js:1671:18)\n    at Promise._fulfill (https://qauto.forstudy.space/__cypress/runner/cypress_runner.js:1615:18)\n    at <unknown> (https://qauto.forstudy.space/__cypress/runner/cypress_runner.js:5420:46)\nFrom Your Spec Code:\n    at get loginButton (webpack://cypress-test-project/./cypress/e2e/LoginPage-Element-oriented.js:97:30)\n    at SingInPage.openLoginModalMeth (webpack://cypress-test-project/./cypress/e2e/LoginPage-Element-oriented.js:107:9)\n    at Context.eval (webpack://cypress-test-project/./cypress/e2e/qauto-ls-21.cy.js:167:7)",
                    "diff": null
                  },
                  "uuid": "a4d2664a-18dd-468f-ba2b-98f66dbe631a",
                  "parentUUID": "d68f38fc-7179-4782-9323-ca0bc729870b",
                  "isHook": false,
                  "skipped": false
                }
              ],
              "suites": [],
              "passes": [],
              "failures": [
                "f40527e0-8e5a-4ab4-a1d3-eb719da81b85",
                "a4d2664a-18dd-468f-ba2b-98f66dbe631a"
              ],
              "pending": [],
              "skipped": [],
              "duration": 15177,
              "root": false,
              "rootEmpty": false,
              "_timeout": 2000
            }
          ],
          "passes": [
            "405abaa3-ccb4-4003-bc08-9b1683eb95bd",
            "580949ce-2386-4764-b49b-7c2bc75b344d",
            "eaaffd58-8f17-49c4-8fbc-8fa002c8bf99"
          ],
          "failures": [],
          "pending": [],
          "skipped": [],
          "duration": 12109,
          "root": false,
          "rootEmpty": false,
          "_timeout": 2000
        }
      ],
      "passes": [],
      "failures": [],
      "pending": [],
      "skipped": [],
      "duration": 0,
      "root": true,
      "rootEmpty": true,
      "_timeout": 2000
    }
  ],
  "meta": {
    "mocha": {
      "version": "7.2.0"
    },
    "mochawesome": {
      "options": {
        "quiet": false,
        "reportFilename": "mochawesome",
        "saveHtml": true,
        "saveJson": true,
        "consoleReporter": "spec",
        "useInlineDiffs": false,
        "code": true
      },
      "version": "7.1.4"
    },
    "marge": {
      "options": {
        "reportDir": "cypress/reports",
        "overwrite": false,
        "html": true,
        "json": true
      },
      "version": "6.3.0"
    }
  }
}
