{
  "stats": {
    "suites": 1,
    "tests": 15,
    "passes": 15,
    "pending": 0,
    "failures": 0,
    "start": "2025-10-18T19:04:47.483Z",
    "end": "2025-10-18T19:05:41.881Z",
    "duration": 54398,
    "testsRegistered": 15,
    "passPercent": 100,
    "pendingPercent": 0,
    "other": 0,
    "hasOther": false,
    "skipped": 0,
    "hasSkipped": false
  },
  "results": [
    {
      "uuid": "0b1fdae9-c86a-4be4-8c59-e800c4516ed7",
      "title": "",
      "fullFile": "cypress\\e2e\\registration-form-test.cy.js",
      "file": "cypress\\e2e\\registration-form-test.cy.js",
      "beforeHooks": [],
      "afterHooks": [],
      "tests": [],
      "suites": [
        {
          "uuid": "2bfe4152-8790-4c3a-a9dd-5d89ff8629b6",
          "title": "Registration and Login tests",
          "fullFile": "",
          "file": "",
          "beforeHooks": [],
          "afterHooks": [],
          "tests": [
            {
              "title": "Registration user",
              "fullTitle": "Registration and Login tests Registration user",
              "timedOut": null,
              "duration": 3946,
              "state": "passed",
              "speed": "fast",
              "pass": true,
              "fail": false,
              "pending": false,
              "context": null,
              "code": "cy.url().should('include', 'qauto.forstudy.space');\ncy.get('.header_right > .btn').click();\ncy.contains('.modal-header', 'Log in');\ncy.contains('button', 'Registration').click();\ncy.contains('.modal-header', 'Registration');\ncy.get('#signupName').clear().type(userData.firstName).should('have.value', userData.firstName);\ncy.get('[name=\"lastName\"]').clear().type(userData.lastName).should('have.value', userData.lastName);\ncy.get('[formcontrolname=\"email\"]').clear().type(userData.email).should('have.value', userData.email);\ncy.get('#signupPassword').clear().type(userData.password, {\n  sensitive: true\n}).invoke('val').then(val => {\n  expect(val).to.eq(userData.password);\n});\ncy.get('#signupRepeatPassword').clear().type(userData.password, {\n  sensitive: true\n}).invoke('val').then(val => {\n  expect(val).to.eq(userData.password);\n});\nemail = userData.email;\npassword = userData.password;\ncy.contains('button', 'Register').click();",
              "err": {},
              "uuid": "83d5a533-3475-4fdf-994f-3f9b1cc4a312",
              "parentUUID": "2bfe4152-8790-4c3a-a9dd-5d89ff8629b6",
              "isHook": false,
              "skipped": false
            },
            {
              "title": "Login user",
              "fullTitle": "Registration and Login tests Login user",
              "timedOut": null,
              "duration": 3499,
              "state": "passed",
              "speed": "fast",
              "pass": true,
              "fail": false,
              "pending": false,
              "context": null,
              "code": "cy.url().should('include', 'qauto.forstudy.space');\ncy.get('.header_right > .btn').click();\ncy.contains('.modal-header', 'Log in');\ncy.get('#signinEmail').clear().type(email).should('have.value', email);\ncy.get('#signinPassword').clear().type(password).invoke('val').then(val => {\n  expect(val).to.eq(password);\n});\ncy.contains('button', 'Login').click();\ncy.url().should('include', '/garage');\ncy.get('.alert.alert-success').should('be.visible').and('contain.text', 'You have been successfully logged in');\ncy.get('#userNavDropdown').click();\ncy.get('.user-nav_menu .dropdown-item').contains('Logout').click();",
              "err": {},
              "uuid": "165ceb16-1d7a-40e4-b25d-508cb15baee3",
              "parentUUID": "2bfe4152-8790-4c3a-a9dd-5d89ff8629b6",
              "isHook": false,
              "skipped": false
            },
            {
              "title": "Checking validation \"Name\" Empty field - \"Name is required\"",
              "fullTitle": "Registration and Login tests Checking validation \"Name\" Empty field - \"Name is required\"",
              "timedOut": null,
              "duration": 3552,
              "state": "passed",
              "speed": "fast",
              "pass": true,
              "fail": false,
              "pending": false,
              "context": null,
              "code": "cy.url().should('include', 'qauto.forstudy.space');\ncy.contains('button', 'Sign up').click();\ncy.contains('.modal-header', 'Registration');\ncy.get('#signupName').clear().focus().blur();\ncy.get('[name=\"lastName\"]').clear().type(userData.lastName).should('have.value', userData.lastName);\ncy.get('[formcontrolname=\"email\"]').clear().type(userData.email).should('have.value', userData.email);\ncy.get('#signupPassword').clear().type(userData.password).invoke('val').then(val => {\n  expect(val).to.eq(userData.password);\n});\ncy.get('#signupRepeatPassword').clear().type(userData.password).invoke('val').then(val => {\n  expect(val).to.eq(userData.password);\n});\ncy.get('.invalid-feedback').contains('Name required').should('be.visible');\ncy.contains('button', 'Register').should('be.disabled');",
              "err": {},
              "uuid": "66d1fddd-6097-493c-9d59-8d19444f9e9a",
              "parentUUID": "2bfe4152-8790-4c3a-a9dd-5d89ff8629b6",
              "isHook": false,
              "skipped": false
            },
            {
              "title": "Checking validation \"Name\" Wrong data - \"Name is invalid\"",
              "fullTitle": "Registration and Login tests Checking validation \"Name\" Wrong data - \"Name is invalid\"",
              "timedOut": null,
              "duration": 3329,
              "state": "passed",
              "speed": "fast",
              "pass": true,
              "fail": false,
              "pending": false,
              "context": null,
              "code": "cy.url().should('include', 'qauto.forstudy.space');\ncy.contains('button', 'Sign up').click();\ncy.contains('.modal-header', 'Registration');\ncy.get('#signupName').clear().type('!233').should('have.value', '!233');\ncy.get('[name=\"lastName\"]').clear().type(userData.lastName).should('have.value', userData.lastName);\ncy.get('[formcontrolname=\"email\"]').clear().type(userData.email).should('have.value', userData.email);\ncy.get('#signupPassword').clear().type(userData.password).invoke('val').then(val => {\n  expect(val).to.eq(userData.password);\n});\ncy.get('#signupRepeatPassword').clear().type(userData.password).invoke('val').then(val => {\n  expect(val).to.eq(userData.password);\n});\ncy.get('.invalid-feedback').contains('Name is invalid').should('be.visible');\ncy.get('#signupName').should('have.css', 'border-color', 'rgb(220, 53, 69)');\ncy.contains('button', 'Register').should('be.disabled');",
              "err": {},
              "uuid": "9d210b22-7c01-4e85-b527-3d2b454cade6",
              "parentUUID": "2bfe4152-8790-4c3a-a9dd-5d89ff8629b6",
              "isHook": false,
              "skipped": false
            },
            {
              "title": "Should accept a valid name",
              "fullTitle": "Registration and Login tests Should accept a valid name",
              "timedOut": null,
              "duration": 3557,
              "state": "passed",
              "speed": "fast",
              "pass": true,
              "fail": false,
              "pending": false,
              "context": null,
              "code": "cy.url().should('include', 'qauto.forstudy.space');\ncy.contains('button', 'Sign up').click();\ncy.contains('.modal-header', 'Registration');\ncy.get('#signupName').clear().type(userData.firstName).should('have.value', userData.firstName);\ncy.get('[name=\"lastName\"]').clear().type(userData.lastName).should('have.value', userData.lastName);\ncy.get('[formcontrolname=\"email\"]').clear().type(userData.email).should('have.value', userData.email);\ncy.get('#signupPassword').clear().type(userData.password).invoke('val').then(val => {\n  expect(val).to.eq(userData.password);\n});\ncy.get('#signupRepeatPassword').clear().type(userData.password).invoke('val').then(val => {\n  expect(val).to.eq(userData.password);\n});\ncy.get('.invalid-feedback').should('not.exist');\ncy.get('#signupName').should('not.have.css', 'border-color', 'rgb(220, 53, 69)');\ncy.contains('button', 'Register').should('not.be.disabled');",
              "err": {},
              "uuid": "89f7a72f-e50d-4581-b322-4df7b0f0aaef",
              "parentUUID": "2bfe4152-8790-4c3a-a9dd-5d89ff8629b6",
              "isHook": false,
              "skipped": false
            },
            {
              "title": "Checking validation \"Lats Name\" Wrong length - \"Last name has to be from 2 to 20 characters long\"",
              "fullTitle": "Registration and Login tests Checking validation \"Lats Name\" Wrong length - \"Last name has to be from 2 to 20 characters long\"",
              "timedOut": null,
              "duration": 3527,
              "state": "passed",
              "speed": "fast",
              "pass": true,
              "fail": false,
              "pending": false,
              "context": null,
              "code": "cy.url().should('include', 'qauto.forstudy.space');\ncy.contains('button', 'Sign up').click();\ncy.contains('.modal-header', 'Registration');\ncy.get('#signupName').clear().type(userData.firstName).should('have.value', userData.firstName);\ncy.get('[name=\"lastName\"]').clear().type('AlexanderTheGreatHero').should('have.value', 'AlexanderTheGreatHero');\ncy.get('[formcontrolname=\"email\"]').clear().type(userData.email).should('have.value', userData.email);\ncy.get('#signupPassword').clear().type(userData.password).invoke('val').then(val => {\n  expect(val).to.eq(userData.password);\n});\ncy.get('#signupRepeatPassword').clear().type(userData.password).invoke('val').then(val => {\n  expect(val).to.eq(userData.password);\n});\ncy.get('.invalid-feedback').contains('Last name has to be from 2 to 20 characters long').should('be.visible');\ncy.get('[name=\"lastName\"]').should('have.css', 'border-color', 'rgb(220, 53, 69)');\ncy.contains('button', 'Register').should('be.disabled');",
              "err": {},
              "uuid": "7e20ece6-2904-4cb6-a57d-1278d45aeb8e",
              "parentUUID": "2bfe4152-8790-4c3a-a9dd-5d89ff8629b6",
              "isHook": false,
              "skipped": false
            },
            {
              "title": "Checking validation \"Lats Name\" Wrong data - \"Last name is invalid\"",
              "fullTitle": "Registration and Login tests Checking validation \"Lats Name\" Wrong data - \"Last name is invalid\"",
              "timedOut": null,
              "duration": 3656,
              "state": "passed",
              "speed": "fast",
              "pass": true,
              "fail": false,
              "pending": false,
              "context": null,
              "code": "cy.url().should('include', 'qauto.forstudy.space');\ncy.contains('button', 'Sign up').click();\ncy.contains('.modal-header', 'Registration');\ncy.get('#signupName').clear().type(userData.firstName).should('have.value', userData.firstName);\ncy.get('[name=\"lastName\"]').clear().type('Dora-cal').should('have.value', 'Dora-cal');\ncy.get('[formcontrolname=\"email\"]').clear().type(userData.email).should('have.value', userData.email);\ncy.get('#signupPassword').clear().type(userData.password).invoke('val').then(val => {\n  expect(val).to.eq(userData.password);\n});\ncy.get('#signupRepeatPassword').clear().type(userData.password).invoke('val').then(val => {\n  expect(val).to.eq(userData.password);\n});\ncy.get('.invalid-feedback').contains('Last name is invalid').should('be.visible');\ncy.get('[name=\"lastName\"]').should('have.css', 'border-color', 'rgb(220, 53, 69)');\ncy.contains('button', 'Register').should('be.disabled');",
              "err": {},
              "uuid": "004afe35-7c1e-4763-917e-d0f7fa0cdb93",
              "parentUUID": "2bfe4152-8790-4c3a-a9dd-5d89ff8629b6",
              "isHook": false,
              "skipped": false
            },
            {
              "title": "Should accept a valid last name",
              "fullTitle": "Registration and Login tests Should accept a valid last name",
              "timedOut": null,
              "duration": 3529,
              "state": "passed",
              "speed": "fast",
              "pass": true,
              "fail": false,
              "pending": false,
              "context": null,
              "code": "cy.url().should('include', 'qauto.forstudy.space');\ncy.contains('button', 'Sign up').click();\ncy.contains('.modal-header', 'Registration');\ncy.get('#signupName').clear().type(userData.firstName).should('have.value', userData.firstName);\ncy.get('[name=\"lastName\"]').clear().type(userData.lastName).should('have.value', userData.lastName);\ncy.get('[formcontrolname=\"email\"]').clear().type(userData.email).should('have.value', userData.email);\ncy.get('#signupPassword').clear().type(userData.password).invoke('val').then(val => {\n  expect(val).to.eq(userData.password);\n});\ncy.get('#signupRepeatPassword').clear().type(userData.password).invoke('val').then(val => {\n  expect(val).to.eq(userData.password);\n});\ncy.get('.invalid-feedback').should('not.exist');\ncy.get('[name=\"lastName\"]').should('not.have.css', 'border-color', 'rgb(220, 53, 69)');\ncy.contains('button', 'Register').should('not.be.disabled');",
              "err": {},
              "uuid": "3f03e634-66e5-4b86-92fc-05454ca6c820",
              "parentUUID": "2bfe4152-8790-4c3a-a9dd-5d89ff8629b6",
              "isHook": false,
              "skipped": false
            },
            {
              "title": "Checking validation \"Email\" For empty field - \"Email required\"",
              "fullTitle": "Registration and Login tests Checking validation \"Email\" For empty field - \"Email required\"",
              "timedOut": null,
              "duration": 3009,
              "state": "passed",
              "speed": "fast",
              "pass": true,
              "fail": false,
              "pending": false,
              "context": null,
              "code": "cy.url().should('include', 'qauto.forstudy.space');\ncy.contains('button', 'Sign up').click();\ncy.contains('.modal-header', 'Registration');\ncy.get('#signupName').type(userData.firstName).should('have.value', userData.firstName);\ncy.get('[name=\"lastName\"]').clear().type(userData.lastName).should('have.value', userData.lastName);\ncy.get('[formcontrolname=\"email\"]').focus().clear();\ncy.get('#signupPassword').clear().type(userData.password).invoke('val').then(val => {\n  expect(val).to.eq(userData.password);\n});\ncy.get('#signupRepeatPassword').clear().type(userData.password).invoke('val').then(val => {\n  expect(val).to.eq(userData.password);\n});\ncy.get('.invalid-feedback').contains('Email required').should('be.visible');\ncy.get('[formcontrolname=\"email\"]').should('have.css', 'border-color', 'rgb(220, 53, 69)');\ncy.contains('button', 'Register').should('be.disabled');",
              "err": {},
              "uuid": "eba7d1a1-9298-44f2-a49b-e8e3e4d2acae",
              "parentUUID": "2bfe4152-8790-4c3a-a9dd-5d89ff8629b6",
              "isHook": false,
              "skipped": false
            },
            {
              "title": "Checking validation \"Email\" Wrong data - \"Email is incorrect\"",
              "fullTitle": "Registration and Login tests Checking validation \"Email\" Wrong data - \"Email is incorrect\"",
              "timedOut": null,
              "duration": 3267,
              "state": "passed",
              "speed": "fast",
              "pass": true,
              "fail": false,
              "pending": false,
              "context": null,
              "code": "cy.url().should('include', 'qauto.forstudy.space');\ncy.contains('button', 'Sign up').click();\ncy.contains('.modal-header', 'Registration');\ncy.get('#signupName').type(userData.firstName).should('have.value', userData.firstName);\ncy.get('[name=\"lastName\"]').clear().type(userData.lastName).should('have.value', userData.lastName);\ncy.get('[formcontrolname=\"email\"]').clear().type('123mail.com').should('have.value', '123mail.com');\ncy.get('#signupPassword').clear().type(userData.password).invoke('val').then(val => {\n  expect(val).to.eq(userData.password);\n});\ncy.get('#signupRepeatPassword').clear().type(userData.password).invoke('val').then(val => {\n  expect(val).to.eq(userData.password);\n});\ncy.get('.invalid-feedback').contains('Email is incorrect').should('be.visible');\ncy.get('[formcontrolname=\"email\"]').should('have.css', 'border-color', 'rgb(220, 53, 69)');\ncy.contains('button', 'Register').should('be.disabled');",
              "err": {},
              "uuid": "589ae657-cbc4-4c30-a332-a9af58942595",
              "parentUUID": "2bfe4152-8790-4c3a-a9dd-5d89ff8629b6",
              "isHook": false,
              "skipped": false
            },
            {
              "title": "Should accept a valid Email",
              "fullTitle": "Registration and Login tests Should accept a valid Email",
              "timedOut": null,
              "duration": 3740,
              "state": "passed",
              "speed": "fast",
              "pass": true,
              "fail": false,
              "pending": false,
              "context": null,
              "code": "cy.url().should('include', 'qauto.forstudy.space');\ncy.contains('button', 'Sign up').click();\ncy.contains('.modal-header', 'Registration');\ncy.get('#signupName').clear().type(userData.firstName).should('have.value', userData.firstName);\ncy.get('[name=\"lastName\"]').clear().type(userData.lastName).should('have.value', userData.lastName);\ncy.get('[formcontrolname=\"email\"]').clear().type(userData.email).should('have.value', userData.email);\ncy.get('#signupPassword').clear().type(userData.password).invoke('val').then(val => {\n  expect(val).to.eq(userData.password);\n});\ncy.get('#signupRepeatPassword').clear().type(userData.password).invoke('val').then(val => {\n  expect(val).to.eq(userData.password);\n});\ncy.get('.invalid-feedback').should('not.exist');\ncy.get('[formcontrolname=\"email\"]').should('not.have.css', 'border-color', 'rgb(220, 53, 69)');\ncy.contains('button', 'Register').should('not.be.disabled');",
              "err": {},
              "uuid": "60644a03-8d35-47f7-8d0c-4a2ba48b16c5",
              "parentUUID": "2bfe4152-8790-4c3a-a9dd-5d89ff8629b6",
              "isHook": false,
              "skipped": false
            },
            {
              "title": "Checking validation \"Password \" For empty field error - \"Password required\"",
              "fullTitle": "Registration and Login tests Checking validation \"Password \" For empty field error - \"Password required\"",
              "timedOut": null,
              "duration": 3621,
              "state": "passed",
              "speed": "fast",
              "pass": true,
              "fail": false,
              "pending": false,
              "context": null,
              "code": "cy.url().should('include', 'qauto.forstudy.space');\ncy.contains('button', 'Sign up').click();\ncy.contains('.modal-header', 'Registration');\ncy.get('#signupName').type(userData.firstName).should('have.value', userData.firstName);\ncy.get('[name=\"lastName\"]').clear().type(userData.lastName).should('have.value', userData.lastName);\ncy.get('[formcontrolname=\"email\"]').clear().type(userData.email).should('have.value', userData.email);\ncy.get('#signupPassword').focus().clear();\ncy.get('#signupRepeatPassword').clear().type(userData.password).invoke('val').then(val => {\n  expect(val).to.eq(userData.password);\n});\ncy.get('.invalid-feedback').contains('Password required').should('be.visible');\ncy.get('#signupPassword').should('have.css', 'border-color', 'rgb(220, 53, 69)');\ncy.contains('button', 'Register').should('be.disabled');",
              "err": {},
              "uuid": "e9d3bf01-7499-4abf-9441-99f4ccc62c17",
              "parentUUID": "2bfe4152-8790-4c3a-a9dd-5d89ff8629b6",
              "isHook": false,
              "skipped": false
            },
            {
              "title": "Checking validation \"Password \" Wrong data - \"Password has to be from 8 to 15 characters long and contain at least one integer, one capital, and one small letter\"",
              "fullTitle": "Registration and Login tests Checking validation \"Password \" Wrong data - \"Password has to be from 8 to 15 characters long and contain at least one integer, one capital, and one small letter\"",
              "timedOut": null,
              "duration": 3634,
              "state": "passed",
              "speed": "fast",
              "pass": true,
              "fail": false,
              "pending": false,
              "context": null,
              "code": "cy.url().should('include', 'qauto.forstudy.space');\ncy.contains('button', 'Sign up').click();\ncy.contains('.modal-header', 'Registration');\ncy.get('#signupName').type(userData.firstName).should('have.value', userData.firstName);\ncy.get('[name=\"lastName\"]').clear().type(userData.lastName).should('have.value', userData.lastName);\ncy.get('[formcontrolname=\"email\"]').clear().type(userData.email).should('have.value', userData.email);\ncy.get('#signupPassword').clear().type('Qwerqwerqwerqwerqwer').should('have.value', 'Qwerqwerqwerqwerqwer');\ncy.get('#signupRepeatPassword').clear().type(userData.password).invoke('val').then(val => {\n  expect(val).to.eq(userData.password);\n});\ncy.get('.invalid-feedback').contains('Password has to be from 8 to 15 characters long and contain at least one integer, one capital, and one small letter').should('be.visible');\ncy.get('#signupPassword').should('have.css', 'border-color', 'rgb(220, 53, 69)');\ncy.contains('button', 'Register').should('be.disabled');",
              "err": {},
              "uuid": "42f9e818-74f2-4000-afcf-5e17e417c8d8",
              "parentUUID": "2bfe4152-8790-4c3a-a9dd-5d89ff8629b6",
              "isHook": false,
              "skipped": false
            },
            {
              "title": "Checking validation \"Re-enter password\" For empty field error - \"Re-enter password required\"",
              "fullTitle": "Registration and Login tests Checking validation \"Re-enter password\" For empty field error - \"Re-enter password required\"",
              "timedOut": null,
              "duration": 3368,
              "state": "passed",
              "speed": "fast",
              "pass": true,
              "fail": false,
              "pending": false,
              "context": null,
              "code": "cy.url().should('include', 'qauto.forstudy.space');\ncy.contains('button', 'Sign up').click();\ncy.contains('.modal-header', 'Registration');\ncy.get('#signupName').type(userData.firstName).should('have.value', userData.firstName);\ncy.get('[name=\"lastName\"]').clear().type(userData.lastName).should('have.value', userData.lastName);\ncy.get('[formcontrolname=\"email\"]').clear().type(userData.email).should('have.value', userData.email);\ncy.get('#signupPassword').clear().type(userData.password).should('have.value', userData.password);\ncy.get('#signupRepeatPassword').focus().clear().blur();\ncy.get('.invalid-feedback').contains('Re-enter password required').should('be.visible');\ncy.get('#signupRepeatPassword').should('have.css', 'border-color', 'rgb(220, 53, 69)');\ncy.contains('button', 'Register').should('be.disabled');",
              "err": {},
              "uuid": "0878e173-2fd4-4e3d-9f71-ce989b808bc2",
              "parentUUID": "2bfe4152-8790-4c3a-a9dd-5d89ff8629b6",
              "isHook": false,
              "skipped": false
            },
            {
              "title": "Checking validation \"Re-enter password\" Passwords do not match.\"",
              "fullTitle": "Registration and Login tests Checking validation \"Re-enter password\" Passwords do not match.\"",
              "timedOut": null,
              "duration": 3360,
              "state": "passed",
              "speed": "fast",
              "pass": true,
              "fail": false,
              "pending": false,
              "context": null,
              "code": "cy.url().should('include', 'qauto.forstudy.space');\ncy.contains('button', 'Sign up').click();\ncy.contains('.modal-header', 'Registration');\ncy.get('#signupName').type(userData.firstName).should('have.value', userData.firstName);\ncy.get('[name=\"lastName\"]').clear().type(userData.lastName).should('have.value', userData.lastName);\ncy.get('[formcontrolname=\"email\"]').clear().type(userData.email).should('have.value', userData.email);\ncy.get('#signupPassword').clear().type(userData.password).invoke('val').then(val => {\n  expect(val).to.eq(userData.password);\n});\ncy.get('#signupRepeatPassword').clear().type('QWEr1235!').blur();\ncy.get('#signupRepeatPassword').invoke('val').then(val => {\n  expect(val).to.eq('QWEr1235!');\n});\ncy.contains('button', 'Register').should('be.disabled');\ncy.get('.invalid-feedback').contains('Passwords do not match').should('be.visible');\ncy.get('#signupRepeatPassword').should('have.css', 'border-color', 'rgb(220, 53, 69)');",
              "err": {},
              "uuid": "5906753a-13f4-4950-8195-ef4671984ccd",
              "parentUUID": "2bfe4152-8790-4c3a-a9dd-5d89ff8629b6",
              "isHook": false,
              "skipped": false
            }
          ],
          "suites": [],
          "passes": [
            "83d5a533-3475-4fdf-994f-3f9b1cc4a312",
            "165ceb16-1d7a-40e4-b25d-508cb15baee3",
            "66d1fddd-6097-493c-9d59-8d19444f9e9a",
            "9d210b22-7c01-4e85-b527-3d2b454cade6",
            "89f7a72f-e50d-4581-b322-4df7b0f0aaef",
            "7e20ece6-2904-4cb6-a57d-1278d45aeb8e",
            "004afe35-7c1e-4763-917e-d0f7fa0cdb93",
            "3f03e634-66e5-4b86-92fc-05454ca6c820",
            "eba7d1a1-9298-44f2-a49b-e8e3e4d2acae",
            "589ae657-cbc4-4c30-a332-a9af58942595",
            "60644a03-8d35-47f7-8d0c-4a2ba48b16c5",
            "e9d3bf01-7499-4abf-9441-99f4ccc62c17",
            "42f9e818-74f2-4000-afcf-5e17e417c8d8",
            "0878e173-2fd4-4e3d-9f71-ce989b808bc2",
            "5906753a-13f4-4950-8195-ef4671984ccd"
          ],
          "failures": [],
          "pending": [],
          "skipped": [],
          "duration": 52594,
          "root": false,
          "rootEmpty": false,
          "_timeout": 2000
        }
      ],
      "passes": [],
      "failures": [],
      "pending": [],
      "skipped": [],
      "duration": 0,
      "root": true,
      "rootEmpty": true,
      "_timeout": 2000
    }
  ],
  "meta": {
    "mocha": {
      "version": "7.2.0"
    },
    "mochawesome": {
      "options": {
        "quiet": false,
        "reportFilename": "mochawesome",
        "saveHtml": true,
        "saveJson": true,
        "consoleReporter": "spec",
        "useInlineDiffs": false,
        "code": true
      },
      "version": "7.1.4"
    },
    "marge": {
      "options": {
        "reportDir": "cypress/reports",
        "overwrite": false,
        "html": true,
        "json": true
      },
      "version": "6.3.0"
    }
  }
}
