{
  "stats": {
    "suites": 2,
    "tests": 4,
    "passes": 2,
    "pending": 0,
    "failures": 2,
    "start": "2025-10-15T19:28:33.921Z",
    "end": "2025-10-15T19:28:59.855Z",
    "duration": 25934,
    "testsRegistered": 4,
    "passPercent": 50,
    "pendingPercent": 0,
    "other": 0,
    "hasOther": false,
    "skipped": 0,
    "hasSkipped": false
  },
  "results": [
    {
      "uuid": "7658e4ea-fafd-4d3f-9372-9c572f2d59e8",
      "title": "",
      "fullFile": "cypress\\e2e\\qauto-ls-21.cy.js",
      "file": "cypress\\e2e\\qauto-ls-21.cy.js",
      "beforeHooks": [],
      "afterHooks": [],
      "tests": [],
      "suites": [
        {
          "uuid": "8f713784-4272-446a-b5b1-d05f21795150",
          "title": "Registration and Login tests for QAuto1",
          "fullFile": "",
          "file": "",
          "beforeHooks": [],
          "afterHooks": [],
          "tests": [
            {
              "title": "Registration user - Element-oriented POM",
              "fullTitle": "Registration and Login tests for QAuto1 Registration user - Element-oriented POM",
              "timedOut": null,
              "duration": 784,
              "state": "failed",
              "speed": null,
              "pass": false,
              "fail": true,
              "pending": false,
              "context": null,
              "code": "registrationPage.openRegistrationModal();\nregistrationPage.firstNameInput.clear().type(userData1.firstName).should('have.value', userData1.firstName);\nregistrationPage.lastNameInput.clear().type(userData1.lastName).should('have.value', userData1.lastName);\nregistrationPage.emailInput.clear().type(userData1.email).should('have.value', userData1.email);\nregistrationPage.passwordInput.clear().type(userData1.password, {\n  sensitive: true\n});\nregistrationPage.repeatPasswordInput.clear().type(userData1.password, {\n  sensitive: true\n});\nregistrationPage.registerButton.click();\nemail = userData2.email;\npassword = userData2.password;",
              "err": {
                "message": "TypeError: Cannot read properties of undefined (reading 'email')",
                "estack": "TypeError: Cannot read properties of undefined (reading 'email')\n    at Context.eval (webpack://cypress-test-project/./cypress/e2e/qauto-ls-21.cy.js:51:22)\n    at runnable.fn (https://qauto.forstudy.space/__cypress/runner/cypress_runner.js:141863:19)\n    at callFn (https://qauto.forstudy.space/__cypress/runner/cypress_runner.js:160932:21)\n    at Runnable.run (https://qauto.forstudy.space/__cypress/runner/cypress_runner.js:160919:7)\n    at <unknown> (https://qauto.forstudy.space/__cypress/runner/cypress_runner.js:167014:30)\n    at PassThroughHandlerContext.finallyHandler (https://qauto.forstudy.space/__cypress/runner/cypress_runner.js:4042:23)\n    at PassThroughHandlerContext.tryCatcher (https://qauto.forstudy.space/__cypress/runner/cypress_runner.js:1777:23)\n    at Promise._settlePromiseFromHandler (https://qauto.forstudy.space/__cypress/runner/cypress_runner.js:1489:31)\n    at Promise._settlePromise (https://qauto.forstudy.space/__cypress/runner/cypress_runner.js:1546:18)",
                "diff": null
              },
              "uuid": "deb44527-1684-4ac9-a4f2-e0d187d46e22",
              "parentUUID": "8f713784-4272-446a-b5b1-d05f21795150",
              "isHook": false,
              "skipped": false
            },
            {
              "title": "Login user - Element-oriented POM",
              "fullTitle": "Registration and Login tests for QAuto1 Login user - Element-oriented POM",
              "timedOut": null,
              "duration": 5948,
              "state": "failed",
              "speed": null,
              "pass": false,
              "fail": true,
              "pending": false,
              "context": null,
              "code": "signIn.openLogInModal();\nsignIn.emailInput.clear().type(email).should('have.value', email);\nsignIn.passwordInput.clear().type(password).invoke('val').then(val => expect(val).to.eq(password));\nsignIn.submitLoginButton.click();\nsignIn.alert.should('be.visible').and('contain.text', 'You have been successfully logged in');\ncy.url().should('include', '/garage');\nsignIn.profileDropdown.click();\nsignIn.logoutOption.click();",
              "err": {
                "message": "AssertionError: Timed out retrying after 4000ms: Expected to find element: `.alert.alert-success`, but never found it.",
                "estack": "AssertionError: Timed out retrying after 4000ms: Expected to find element: `.alert.alert-success`, but never found it.\n    at Context.eval (webpack://cypress-test-project/./cypress/e2e/qauto-ls-21.cy.js:60:17)",
                "diff": null
              },
              "uuid": "a4e21a39-cbf9-4448-9fd2-036cb451d3b0",
              "parentUUID": "8f713784-4272-446a-b5b1-d05f21795150",
              "isHook": false,
              "skipped": false
            }
          ],
          "suites": [],
          "passes": [],
          "failures": [
            "deb44527-1684-4ac9-a4f2-e0d187d46e22",
            "a4e21a39-cbf9-4448-9fd2-036cb451d3b0"
          ],
          "pending": [],
          "skipped": [],
          "duration": 6732,
          "root": false,
          "rootEmpty": false,
          "_timeout": 2000
        },
        {
          "uuid": "ebfa422e-bd60-4e7c-b7b4-f989ee130975",
          "title": "Registration and Login tests for QAuto2",
          "fullFile": "",
          "file": "",
          "beforeHooks": [],
          "afterHooks": [],
          "tests": [
            {
              "title": "Registration user2 - Methodological POM",
              "fullTitle": "Registration and Login tests for QAuto2 Registration user2 - Methodological POM",
              "timedOut": null,
              "duration": 3550,
              "state": "passed",
              "speed": "fast",
              "pass": true,
              "fail": false,
              "pending": false,
              "context": null,
              "code": "RegistrationPage2.openRegistrationModal().typeFirstName(userData2.firstName).typeLastName(userData2.lastName).typeEmail(userData2.email).typePassword(userData2.password).clickRegisterButton();",
              "err": {},
              "uuid": "ef07af02-6e9c-400b-8716-35173380aaf3",
              "parentUUID": "ebfa422e-bd60-4e7c-b7b4-f989ee130975",
              "isHook": false,
              "skipped": false
            },
            {
              "title": "Login user2 - Methodological POM",
              "fullTitle": "Registration and Login tests for QAuto2 Login user2 - Methodological POM",
              "timedOut": null,
              "duration": 2821,
              "state": "passed",
              "speed": "fast",
              "pass": true,
              "fail": false,
              "pending": false,
              "context": null,
              "code": "signInMethodological.openLoginModalMeth().typeEmail(email).typePassword(password).clickLogIn().verifyAlert('You have been successfully logged in').clickProfileDropdown().clickLogout();",
              "err": {},
              "uuid": "f1969dfe-d4b9-4a6f-9f2d-6ff2f820de84",
              "parentUUID": "ebfa422e-bd60-4e7c-b7b4-f989ee130975",
              "isHook": false,
              "skipped": false
            }
          ],
          "suites": [],
          "passes": [
            "ef07af02-6e9c-400b-8716-35173380aaf3",
            "f1969dfe-d4b9-4a6f-9f2d-6ff2f820de84"
          ],
          "failures": [],
          "pending": [],
          "skipped": [],
          "duration": 6371,
          "root": false,
          "rootEmpty": false,
          "_timeout": 2000
        }
      ],
      "passes": [],
      "failures": [],
      "pending": [],
      "skipped": [],
      "duration": 0,
      "root": true,
      "rootEmpty": true,
      "_timeout": 2000
    }
  ],
  "meta": {
    "mocha": {
      "version": "7.2.0"
    },
    "mochawesome": {
      "options": {
        "quiet": false,
        "reportFilename": "mochawesome",
        "saveHtml": true,
        "saveJson": true,
        "consoleReporter": "spec",
        "useInlineDiffs": false,
        "code": true
      },
      "version": "7.1.4"
    },
    "marge": {
      "options": {
        "reportDir": "cypress/reports",
        "overwrite": false,
        "html": true,
        "json": true
      },
      "version": "6.3.0"
    }
  }
}
