{
  "stats": {
    "suites": 2,
    "tests": 6,
    "passes": 5,
    "pending": 0,
    "failures": 1,
    "start": "2025-10-18T18:46:09.903Z",
    "end": "2025-10-18T18:46:51.895Z",
    "duration": 41992,
    "testsRegistered": 6,
    "passPercent": 83.33333333333334,
    "pendingPercent": 0,
    "other": 0,
    "hasOther": false,
    "skipped": 0,
    "hasSkipped": false
  },
  "results": [
    {
      "uuid": "47059daa-18bd-46e7-8597-00cca446004d",
      "title": "",
      "fullFile": "cypress\\e2e\\qauto-ls-21.cy.js",
      "file": "cypress\\e2e\\qauto-ls-21.cy.js",
      "beforeHooks": [],
      "afterHooks": [],
      "tests": [],
      "suites": [
        {
          "uuid": "5ffa8b7b-91f9-41a2-92c8-a95c5592b211",
          "title": "Registration and Login tests for QAuto1",
          "fullFile": "",
          "file": "",
          "beforeHooks": [],
          "afterHooks": [],
          "tests": [
            {
              "title": "Registration user - Element-oriented POM",
              "fullTitle": "Registration and Login tests for QAuto1 Registration user - Element-oriented POM",
              "timedOut": null,
              "duration": 5105,
              "state": "passed",
              "speed": "medium",
              "pass": true,
              "fail": false,
              "pending": false,
              "context": null,
              "code": "registrationPage.openRegistrationModal();\nregistrationPage.firstNameInput.clear().type(userData1.firstName).should('have.value', userData1.firstName);\nregistrationPage.lastNameInput.clear().type(userData1.lastName).should('have.value', userData1.lastName);\nregistrationPage.emailInput.clear().type(userData1.email).should('have.value', userData1.email);\nregistrationPage.passwordInput.clear().type(userData1.password, {\n  sensitive: true\n});\nregistrationPage.repeatPasswordInput.clear().type(userData1.password, {\n  sensitive: true\n});\nregistrationPage.registerButton.click();",
              "err": {},
              "uuid": "c801cecf-1aaf-4e9d-8d1c-031cb8ea4661",
              "parentUUID": "5ffa8b7b-91f9-41a2-92c8-a95c5592b211",
              "isHook": false,
              "skipped": false
            },
            {
              "title": "Login user - Element-oriented POM",
              "fullTitle": "Registration and Login tests for QAuto1 Login user - Element-oriented POM",
              "timedOut": null,
              "duration": 2694,
              "state": "passed",
              "speed": "fast",
              "pass": true,
              "fail": false,
              "pending": false,
              "context": null,
              "code": "signIn.openLogInModal();\nsignIn.emailInput.clear().type(email).should('have.value', email);\nsignIn.passwordInput.clear().type(password).invoke('val').then(val => expect(val).to.eq(password));\nsignIn.submitLoginButton.click();\nsignIn.alert.should('be.visible').and('contain.text', 'You have been successfully logged in');\nsignIn.garageUrl;\nsignIn.profileDropdown.click();\nsignIn.logoutOption.click();",
              "err": {},
              "uuid": "2dbcd141-17e8-4dd8-8681-b736614460b7",
              "parentUUID": "5ffa8b7b-91f9-41a2-92c8-a95c5592b211",
              "isHook": false,
              "skipped": false
            },
            {
              "title": "Add car and fuel - Element-oriented POM",
              "fullTitle": "Registration and Login tests for QAuto1 Add car and fuel - Element-oriented POM",
              "timedOut": null,
              "duration": 5022,
              "state": "passed",
              "speed": "medium",
              "pass": true,
              "fail": false,
              "pending": false,
              "context": null,
              "code": "signIn.openLogInModal();\nsignIn.emailInput.clear().type(email).should('have.value', email);\nsignIn.passwordInput.clear().type(password).invoke('val').then(val => expect(val).to.eq(password));\nsignIn.submitLoginButton.click();\naddCar.garageUrl;\naddCar.addCarButton.click();\naddCar.header.should('have.text', 'Add a car');\naddCar.addCarBrand.select('BMW').should('have.value', '1: 2');\naddCar.addCarModel.select('X5').should('have.value', '7: 8');\naddCar.addCarMileage.type('5500').should('have.value', '5500');\naddCar.addButton.click();\naddCar.checkAddedCar.should('have.text', 'BMW X5');\naddCar.addFuelButton.click();\naddCar.fuelHeader.should('have.text', 'Add an expense');\naddCar.expenseCar.find('option:selected').should('have.text', 'BMW X5');\naddCar.expenseDate.clear().type(addCar.getTodayDate()).should('have.value', addCar.getTodayDate());\naddCar.expenseMileage.clear().type('20000').should('have.value', '20000');\naddCar.expenseLiters.clear().type('80').should('have.value', '80');\naddCar.expenseTotalCost.clear().type('9000').should('have.value', '9000');\naddCar.submitFuelButton.contains('Add').click();",
              "err": {},
              "uuid": "e605429c-db98-4200-8915-ea5aee369cab",
              "parentUUID": "5ffa8b7b-91f9-41a2-92c8-a95c5592b211",
              "isHook": false,
              "skipped": false
            }
          ],
          "suites": [],
          "passes": [
            "c801cecf-1aaf-4e9d-8d1c-031cb8ea4661",
            "2dbcd141-17e8-4dd8-8681-b736614460b7",
            "e605429c-db98-4200-8915-ea5aee369cab"
          ],
          "failures": [],
          "pending": [],
          "skipped": [],
          "duration": 12821,
          "root": false,
          "rootEmpty": false,
          "_timeout": 2000
        },
        {
          "uuid": "34b1607f-99ab-4197-bf22-df4a8834c438",
          "title": "Registration and Login tests for QAuto2",
          "fullFile": "",
          "file": "",
          "beforeHooks": [],
          "afterHooks": [],
          "tests": [
            {
              "title": "Registration user2 - Methodological POM",
              "fullTitle": "Registration and Login tests for QAuto2 Registration user2 - Methodological POM",
              "timedOut": null,
              "duration": 3471,
              "state": "passed",
              "speed": "fast",
              "pass": true,
              "fail": false,
              "pending": false,
              "context": null,
              "code": "RegistrationPage2.openRegistrationModal().typeFirstName(userData2.firstName).typeLastName(userData2.lastName).typeEmail(userData2.email).typePassword(userData2.password).clickRegisterButton();",
              "err": {},
              "uuid": "23231459-295d-40d1-868e-abb6fd843cd2",
              "parentUUID": "34b1607f-99ab-4197-bf22-df4a8834c438",
              "isHook": false,
              "skipped": false
            },
            {
              "title": "Login user2 - Methodological POM",
              "fullTitle": "Registration and Login tests for QAuto2 Login user2 - Methodological POM",
              "timedOut": null,
              "duration": 2726,
              "state": "passed",
              "speed": "fast",
              "pass": true,
              "fail": false,
              "pending": false,
              "context": null,
              "code": "signInMethodological.openLoginModalMeth().typeEmail(userData2.email).typePassword(userData2.password).clickLogIn().verifyAlert('You have been successfully logged in').clickProfileDropdown().clickLogout();",
              "err": {},
              "uuid": "40c5063a-513f-452c-b20d-84138ebf9591",
              "parentUUID": "34b1607f-99ab-4197-bf22-df4a8834c438",
              "isHook": false,
              "skipped": false
            },
            {
              "title": "Add car and fuel - Methodological POM",
              "fullTitle": "Registration and Login tests for QAuto2 Add car and fuel - Methodological POM",
              "timedOut": null,
              "duration": 10194,
              "state": "failed",
              "speed": null,
              "pass": false,
              "fail": true,
              "pending": false,
              "context": null,
              "code": "signInMethodological.openLoginModalMeth().typeEmail(userData2.email).typePassword(userData2.password).clickLogIn();\naddCarMeth.verifyGarageUrl().openAddCarModal().fillCarForm('BMW', 'X5', '5500').submitAddCar().openAddFuelModal().fillFuelForm('20000', '80', '9000').submitAddFuel();",
              "err": {
                "message": "CypressError: Timed out retrying after 4050ms: `cy.click()` failed because it requires a DOM element or document.\n\nNo elements in the current DOM matched your query:\n\n  > cy.get(.modal-footer).find(button.btn-primary).contains(Add)",
                "estack": "CypressError: Timed out retrying after 4050ms: `cy.click()` failed because it requires a DOM element or document.\n\nNo elements in the current DOM matched your query:\n\n  > cy.get(.modal-footer).find(button.btn-primary).contains(Add)\n    at isElement (https://qauto2.forstudy.space/__cypress/runner/cypress_runner.js:148472:62)\n    at validateType (https://qauto2.forstudy.space/__cypress/runner/cypress_runner.js:148330:14)\n    at Object.isType (https://qauto2.forstudy.space/__cypress/runner/cypress_runner.js:148361:7)\n    at Array.<anonymous> (https://qauto2.forstudy.space/__cypress/runner/cypress_runner.js:138719:24)\n    at $Cy.getSubjectFromChain (https://qauto2.forstudy.space/__cypress/runner/cypress_runner.js:142095:34)\n    at Object.subjectFn (https://qauto2.forstudy.space/__cypress/runner/cypress_runner.js:113971:51)\n    at retryActionability (https://qauto2.forstudy.space/__cypress/runner/cypress_runner.js:114673:27)\n    at tryCatcher (https://qauto2.forstudy.space/__cypress/runner/cypress_runner.js:1777:23)\n    at Promise.attempt.Promise.try (https://qauto2.forstudy.space/__cypress/runner/cypress_runner.js:4285:29)\n    at whenStable (https://qauto2.forstudy.space/__cypress/runner/cypress_runner.js:147260:68)\n    at <unknown> (https://qauto2.forstudy.space/__cypress/runner/cypress_runner.js:147201:14)\n    at tryCatcher (https://qauto2.forstudy.space/__cypress/runner/cypress_runner.js:1777:23)\n    at Promise._settlePromiseFromHandler (https://qauto2.forstudy.space/__cypress/runner/cypress_runner.js:1489:31)\n    at Promise._settlePromise (https://qauto2.forstudy.space/__cypress/runner/cypress_runner.js:1546:18)\n    at Promise._settlePromise0 (https://qauto2.forstudy.space/__cypress/runner/cypress_runner.js:1591:10)\n    at Promise._settlePromises (https://qauto2.forstudy.space/__cypress/runner/cypress_runner.js:1671:18)\n    at Promise._fulfill (https://qauto2.forstudy.space/__cypress/runner/cypress_runner.js:1615:18)\n    at <unknown> (https://qauto2.forstudy.space/__cypress/runner/cypress_runner.js:5420:46)",
                "diff": null
              },
              "uuid": "07ef9620-eb17-4e84-8b66-865ee3396607",
              "parentUUID": "34b1607f-99ab-4197-bf22-df4a8834c438",
              "isHook": false,
              "skipped": false
            }
          ],
          "suites": [],
          "passes": [
            "23231459-295d-40d1-868e-abb6fd843cd2",
            "40c5063a-513f-452c-b20d-84138ebf9591"
          ],
          "failures": ["07ef9620-eb17-4e84-8b66-865ee3396607"],
          "pending": [],
          "skipped": [],
          "duration": 16391,
          "root": false,
          "rootEmpty": false,
          "_timeout": 2000
        }
      ],
      "passes": [],
      "failures": [],
      "pending": [],
      "skipped": [],
      "duration": 0,
      "root": true,
      "rootEmpty": true,
      "_timeout": 2000
    }
  ],
  "meta": {
    "mocha": {
      "version": "7.2.0"
    },
    "mochawesome": {
      "options": {
        "quiet": false,
        "reportFilename": "mochawesome",
        "saveHtml": true,
        "saveJson": true,
        "consoleReporter": "spec",
        "useInlineDiffs": false,
        "code": true
      },
      "version": "7.1.4"
    },
    "marge": {
      "options": {
        "reportDir": "cypress/reports",
        "overwrite": false,
        "html": true,
        "json": true
      },
      "version": "6.3.0"
    }
  }
}
