{
  "stats": {
    "suites": 2,
    "tests": 6,
    "passes": 6,
    "pending": 0,
    "failures": 0,
    "start": "2025-10-18T19:13:15.902Z",
    "end": "2025-10-18T19:13:41.037Z",
    "duration": 25135,
    "testsRegistered": 6,
    "passPercent": 100,
    "pendingPercent": 0,
    "other": 0,
    "hasOther": false,
    "skipped": 0,
    "hasSkipped": false
  },
  "results": [
    {
      "uuid": "53a9cc8f-3e3b-4951-9ac2-39a3234d40d3",
      "title": "",
      "fullFile": "cypress\\e2e\\qauto-ls-21.cy.js",
      "file": "cypress\\e2e\\qauto-ls-21.cy.js",
      "beforeHooks": [],
      "afterHooks": [],
      "tests": [],
      "suites": [
        {
          "uuid": "e4dee8aa-fd10-486e-8cb9-83e0a0e46883",
          "title": "Registration and Login tests for QAuto1",
          "fullFile": "",
          "file": "",
          "beforeHooks": [],
          "afterHooks": [],
          "tests": [
            {
              "title": "Registration user - Element-oriented POM",
              "fullTitle": "Registration and Login tests for QAuto1 Registration user - Element-oriented POM",
              "timedOut": null,
              "duration": 3632,
              "state": "passed",
              "speed": "fast",
              "pass": true,
              "fail": false,
              "pending": false,
              "context": null,
              "code": "registrationPage.openRegistrationModal();\nregistrationPage.firstNameInput.clear().type(userData1.firstName).should('have.value', userData1.firstName);\nregistrationPage.lastNameInput.clear().type(userData1.lastName).should('have.value', userData1.lastName);\nregistrationPage.emailInput.clear().type(userData1.email).should('have.value', userData1.email);\nregistrationPage.passwordInput.clear().type(userData1.password, {\n  sensitive: true\n});\nregistrationPage.repeatPasswordInput.clear().type(userData1.password, {\n  sensitive: true\n});\nregistrationPage.registerButton.click();",
              "err": {},
              "uuid": "d22daa11-6725-46ba-9dfa-46f1b626f326",
              "parentUUID": "e4dee8aa-fd10-486e-8cb9-83e0a0e46883",
              "isHook": false,
              "skipped": false
            },
            {
              "title": "Login user - Element-oriented POM",
              "fullTitle": "Registration and Login tests for QAuto1 Login user - Element-oriented POM",
              "timedOut": null,
              "duration": 2645,
              "state": "passed",
              "speed": "fast",
              "pass": true,
              "fail": false,
              "pending": false,
              "context": null,
              "code": "signIn.openLogInModal();\nsignIn.emailInput.clear().type(email).should('have.value', email);\nsignIn.passwordInput.clear().type(password).invoke('val').then(val => expect(val).to.eq(password));\nsignIn.submitLoginButton.click();\nsignIn.alert.should('be.visible').and('contain.text', 'You have been successfully logged in');\nsignIn.garageUrl;\nsignIn.profileDropdown.click();\nsignIn.logoutOption.click();",
              "err": {},
              "uuid": "322bf105-5934-4a11-9604-58bc919250d9",
              "parentUUID": "e4dee8aa-fd10-486e-8cb9-83e0a0e46883",
              "isHook": false,
              "skipped": false
            },
            {
              "title": "Add car and fuel - Element-oriented POM",
              "fullTitle": "Registration and Login tests for QAuto1 Add car and fuel - Element-oriented POM",
              "timedOut": null,
              "duration": 4734,
              "state": "passed",
              "speed": "fast",
              "pass": true,
              "fail": false,
              "pending": false,
              "context": null,
              "code": "signIn.openLogInModal();\nsignIn.emailInput.clear().type(email).should('have.value', email);\nsignIn.passwordInput.clear().type(password).invoke('val').then(val => expect(val).to.eq(password));\nsignIn.submitLoginButton.click();\naddCar.garageUrl;\naddCar.addCarButton.click();\naddCar.header.should('have.text', 'Add a car');\naddCar.addCarBrand.select('BMW').should('have.value', '1: 2');\naddCar.addCarModel.select('X5').should('have.value', '7: 8');\naddCar.addCarMileage.type('5500').should('have.value', '5500');\naddCar.addButton.click();\naddCar.checkAddedCar.should('have.text', 'BMW X5');\naddCar.addFuelButton.click();\naddCar.fuelHeader.should('have.text', 'Add an expense');\naddCar.expenseCar.find('option:selected').should('have.text', 'BMW X5');\naddCar.expenseDate.clear().type(addCar.getTodayDate()).should('have.value', addCar.getTodayDate());\naddCar.expenseMileage.clear().type('20000').should('have.value', '20000');\naddCar.expenseLiters.clear().type('80').should('have.value', '80');\naddCar.expenseTotalCost.clear().type('9000').should('have.value', '9000');\naddCar.submitFuelButton.contains('Add').click();",
              "err": {},
              "uuid": "cd7a0767-7a04-4fdc-b1ea-cb980ec36654",
              "parentUUID": "e4dee8aa-fd10-486e-8cb9-83e0a0e46883",
              "isHook": false,
              "skipped": false
            }
          ],
          "suites": [],
          "passes": [
            "d22daa11-6725-46ba-9dfa-46f1b626f326",
            "322bf105-5934-4a11-9604-58bc919250d9",
            "cd7a0767-7a04-4fdc-b1ea-cb980ec36654"
          ],
          "failures": [],
          "pending": [],
          "skipped": [],
          "duration": 11011,
          "root": false,
          "rootEmpty": false,
          "_timeout": 2000
        },
        {
          "uuid": "12a8979b-735a-4cd0-9a27-92fa2760fbfb",
          "title": "Registration and Login tests for QAuto2",
          "fullFile": "",
          "file": "",
          "beforeHooks": [],
          "afterHooks": [],
          "tests": [
            {
              "title": "Registration user2 - Methodological POM",
              "fullTitle": "Registration and Login tests for QAuto2 Registration user2 - Methodological POM",
              "timedOut": null,
              "duration": 3670,
              "state": "passed",
              "speed": "fast",
              "pass": true,
              "fail": false,
              "pending": false,
              "context": null,
              "code": "RegistrationPage2.openRegistrationModal().typeFirstName(userData2.firstName).typeLastName(userData2.lastName).typeEmail(userData2.email).typePassword(userData2.password).clickRegisterButton();",
              "err": {},
              "uuid": "9cb3a7b4-2adf-4ef8-805d-a01cc3541e2e",
              "parentUUID": "12a8979b-735a-4cd0-9a27-92fa2760fbfb",
              "isHook": false,
              "skipped": false
            },
            {
              "title": "Login user2 - Methodological POM",
              "fullTitle": "Registration and Login tests for QAuto2 Login user2 - Methodological POM",
              "timedOut": null,
              "duration": 2636,
              "state": "passed",
              "speed": "fast",
              "pass": true,
              "fail": false,
              "pending": false,
              "context": null,
              "code": "signInMethodological.openLoginModalMeth().typeEmail(userData2.email).typePassword(userData2.password).clickLogIn().verifyAlert('You have been successfully logged in').clickProfileDropdown().clickLogout();",
              "err": {},
              "uuid": "38b09498-a317-46c9-8ad7-7bb4f22049fb",
              "parentUUID": "12a8979b-735a-4cd0-9a27-92fa2760fbfb",
              "isHook": false,
              "skipped": false
            },
            {
              "title": "Add car and fuel - Methodological POM",
              "fullTitle": "Registration and Login tests for QAuto2 Add car and fuel - Methodological POM",
              "timedOut": null,
              "duration": 5031,
              "state": "passed",
              "speed": "medium",
              "pass": true,
              "fail": false,
              "pending": false,
              "context": null,
              "code": "signInMethodological.openLoginModalMeth().typeEmail(userData2.email).typePassword(userData2.password).clickLogIn();\naddCarMeth.verifyGarageUrl().openAddCarModal().fillCarForm('BMW', 'X5', '5500').submitAddCar().openAddFuelModal().fillFuelForm('20000', '80', '9000').submitAddFuel();",
              "err": {},
              "uuid": "d771e1ec-d97e-4fc1-8f6e-90e3cd408d46",
              "parentUUID": "12a8979b-735a-4cd0-9a27-92fa2760fbfb",
              "isHook": false,
              "skipped": false
            }
          ],
          "suites": [],
          "passes": [
            "9cb3a7b4-2adf-4ef8-805d-a01cc3541e2e",
            "38b09498-a317-46c9-8ad7-7bb4f22049fb",
            "d771e1ec-d97e-4fc1-8f6e-90e3cd408d46"
          ],
          "failures": [],
          "pending": [],
          "skipped": [],
          "duration": 11337,
          "root": false,
          "rootEmpty": false,
          "_timeout": 2000
        }
      ],
      "passes": [],
      "failures": [],
      "pending": [],
      "skipped": [],
      "duration": 0,
      "root": true,
      "rootEmpty": true,
      "_timeout": 2000
    }
  ],
  "meta": {
    "mocha": {
      "version": "7.2.0"
    },
    "mochawesome": {
      "options": {
        "quiet": false,
        "reportFilename": "mochawesome",
        "saveHtml": true,
        "saveJson": true,
        "consoleReporter": "spec",
        "useInlineDiffs": false,
        "code": true
      },
      "version": "7.1.4"
    },
    "marge": {
      "options": {
        "reportDir": "cypress/reports",
        "overwrite": false,
        "html": true,
        "json": true
      },
      "version": "6.3.0"
    }
  }
}
