{
  "stats": {
    "suites": 2,
    "tests": 6,
    "passes": 6,
    "pending": 0,
    "failures": 0,
    "start": "2025-10-18T19:10:13.354Z",
    "end": "2025-10-18T19:10:44.150Z",
    "duration": 30796,
    "testsRegistered": 6,
    "passPercent": 100,
    "pendingPercent": 0,
    "other": 0,
    "hasOther": false,
    "skipped": 0,
    "hasSkipped": false
  },
  "results": [
    {
      "uuid": "58444057-cfbe-480f-bb53-4b7cd686abd1",
      "title": "",
      "fullFile": "cypress\\e2e\\qauto-ls-21.cy.js",
      "file": "cypress\\e2e\\qauto-ls-21.cy.js",
      "beforeHooks": [],
      "afterHooks": [],
      "tests": [],
      "suites": [
        {
          "uuid": "0cb7d2e9-6ab1-43a9-adf4-b0252e38f5d1",
          "title": "Registration and Login tests for QAuto1",
          "fullFile": "",
          "file": "",
          "beforeHooks": [],
          "afterHooks": [],
          "tests": [
            {
              "title": "Registration user - Element-oriented POM",
              "fullTitle": "Registration and Login tests for QAuto1 Registration user - Element-oriented POM",
              "timedOut": null,
              "duration": 3652,
              "state": "passed",
              "speed": "fast",
              "pass": true,
              "fail": false,
              "pending": false,
              "context": null,
              "code": "registrationPage.openRegistrationModal();\nregistrationPage.firstNameInput.clear().type(userData1.firstName).should('have.value', userData1.firstName);\nregistrationPage.lastNameInput.clear().type(userData1.lastName).should('have.value', userData1.lastName);\nregistrationPage.emailInput.clear().type(userData1.email).should('have.value', userData1.email);\nregistrationPage.passwordInput.clear().type(userData1.password, {\n  sensitive: true\n});\nregistrationPage.repeatPasswordInput.clear().type(userData1.password, {\n  sensitive: true\n});\nregistrationPage.registerButton.click();",
              "err": {},
              "uuid": "2cf91756-feca-4cf3-8aca-820fcc2d0475",
              "parentUUID": "0cb7d2e9-6ab1-43a9-adf4-b0252e38f5d1",
              "isHook": false,
              "skipped": false
            },
            {
              "title": "Login user - Element-oriented POM",
              "fullTitle": "Registration and Login tests for QAuto1 Login user - Element-oriented POM",
              "timedOut": null,
              "duration": 3253,
              "state": "passed",
              "speed": "fast",
              "pass": true,
              "fail": false,
              "pending": false,
              "context": null,
              "code": "signIn.openLogInModal();\nsignIn.emailInput.clear().type(email).should('have.value', email);\nsignIn.passwordInput.clear().type(password).invoke('val').then(val => expect(val).to.eq(password));\nsignIn.submitLoginButton.click();\nsignIn.alert.should('be.visible').and('contain.text', 'You have been successfully logged in');\nsignIn.garageUrl;\nsignIn.profileDropdown.click();\nsignIn.logoutOption.click();",
              "err": {},
              "uuid": "aba57038-9d0c-4a93-abd3-3f9905fb9754",
              "parentUUID": "0cb7d2e9-6ab1-43a9-adf4-b0252e38f5d1",
              "isHook": false,
              "skipped": false
            },
            {
              "title": "Add car and fuel - Element-oriented POM",
              "fullTitle": "Registration and Login tests for QAuto1 Add car and fuel - Element-oriented POM",
              "timedOut": null,
              "duration": 6013,
              "state": "passed",
              "speed": "medium",
              "pass": true,
              "fail": false,
              "pending": false,
              "context": null,
              "code": "signIn.openLogInModal();\nsignIn.emailInput.clear().type(email).should('have.value', email);\nsignIn.passwordInput.clear().type(password).invoke('val').then(val => expect(val).to.eq(password));\nsignIn.submitLoginButton.click();\naddCar.garageUrl;\naddCar.addCarButton.click();\naddCar.header.should('have.text', 'Add a car');\naddCar.addCarBrand.select('BMW').should('have.value', '1: 2');\naddCar.addCarModel.select('X5').should('have.value', '7: 8');\naddCar.addCarMileage.type('5500').should('have.value', '5500');\naddCar.addButton.click();\naddCar.checkAddedCar.should('have.text', 'BMW X5');\naddCar.addFuelButton.click();\naddCar.fuelHeader.should('have.text', 'Add an expense');\naddCar.expenseCar.find('option:selected').should('have.text', 'BMW X5');\naddCar.expenseDate.clear().type(addCar.getTodayDate()).should('have.value', addCar.getTodayDate());\naddCar.expenseMileage.clear().type('20000').should('have.value', '20000');\naddCar.expenseLiters.clear().type('80').should('have.value', '80');\naddCar.expenseTotalCost.clear().type('9000').should('have.value', '9000');\naddCar.submitFuelButton.contains('Add').click();",
              "err": {},
              "uuid": "9c05590c-0e0d-4dc9-870a-435537e5a700",
              "parentUUID": "0cb7d2e9-6ab1-43a9-adf4-b0252e38f5d1",
              "isHook": false,
              "skipped": false
            }
          ],
          "suites": [],
          "passes": [
            "2cf91756-feca-4cf3-8aca-820fcc2d0475",
            "aba57038-9d0c-4a93-abd3-3f9905fb9754",
            "9c05590c-0e0d-4dc9-870a-435537e5a700"
          ],
          "failures": [],
          "pending": [],
          "skipped": [],
          "duration": 12918,
          "root": false,
          "rootEmpty": false,
          "_timeout": 2000
        },
        {
          "uuid": "71272c60-e6b4-48f4-a986-15f8abefe123",
          "title": "Registration and Login tests for QAuto2",
          "fullFile": "",
          "file": "",
          "beforeHooks": [],
          "afterHooks": [],
          "tests": [
            {
              "title": "Registration user2 - Methodological POM",
              "fullTitle": "Registration and Login tests for QAuto2 Registration user2 - Methodological POM",
              "timedOut": null,
              "duration": 4613,
              "state": "passed",
              "speed": "fast",
              "pass": true,
              "fail": false,
              "pending": false,
              "context": null,
              "code": "RegistrationPage2.openRegistrationModal().typeFirstName(userData2.firstName).typeLastName(userData2.lastName).typeEmail(userData2.email).typePassword(userData2.password).clickRegisterButton();",
              "err": {},
              "uuid": "99b16dba-c608-42ec-b7a6-2879004b2653",
              "parentUUID": "71272c60-e6b4-48f4-a986-15f8abefe123",
              "isHook": false,
              "skipped": false
            },
            {
              "title": "Login user2 - Methodological POM",
              "fullTitle": "Registration and Login tests for QAuto2 Login user2 - Methodological POM",
              "timedOut": null,
              "duration": 3323,
              "state": "passed",
              "speed": "fast",
              "pass": true,
              "fail": false,
              "pending": false,
              "context": null,
              "code": "signInMethodological.openLoginModalMeth().typeEmail(userData2.email).typePassword(userData2.password).clickLogIn().verifyAlert('You have been successfully logged in').clickProfileDropdown().clickLogout();",
              "err": {},
              "uuid": "78ebdb1a-d4d3-4dec-b74f-596da5e67fab",
              "parentUUID": "71272c60-e6b4-48f4-a986-15f8abefe123",
              "isHook": false,
              "skipped": false
            },
            {
              "title": "Add car and fuel - Methodological POM",
              "fullTitle": "Registration and Login tests for QAuto2 Add car and fuel - Methodological POM",
              "timedOut": null,
              "duration": 5774,
              "state": "passed",
              "speed": "medium",
              "pass": true,
              "fail": false,
              "pending": false,
              "context": null,
              "code": "signInMethodological.openLoginModalMeth().typeEmail(userData2.email).typePassword(userData2.password).clickLogIn();\naddCarMeth.verifyGarageUrl().openAddCarModal().fillCarForm('BMW', 'X5', '5500').submitAddCar().openAddFuelModal().fillFuelForm('20000', '80', '9000').submitAddFuel();",
              "err": {},
              "uuid": "b7134901-c0a5-49af-adc4-9e2d40515cf6",
              "parentUUID": "71272c60-e6b4-48f4-a986-15f8abefe123",
              "isHook": false,
              "skipped": false
            }
          ],
          "suites": [],
          "passes": [
            "99b16dba-c608-42ec-b7a6-2879004b2653",
            "78ebdb1a-d4d3-4dec-b74f-596da5e67fab",
            "b7134901-c0a5-49af-adc4-9e2d40515cf6"
          ],
          "failures": [],
          "pending": [],
          "skipped": [],
          "duration": 13710,
          "root": false,
          "rootEmpty": false,
          "_timeout": 2000
        }
      ],
      "passes": [],
      "failures": [],
      "pending": [],
      "skipped": [],
      "duration": 0,
      "root": true,
      "rootEmpty": true,
      "_timeout": 2000
    }
  ],
  "meta": {
    "mocha": {
      "version": "7.2.0"
    },
    "mochawesome": {
      "options": {
        "quiet": false,
        "reportFilename": "mochawesome",
        "saveHtml": true,
        "saveJson": true,
        "consoleReporter": "spec",
        "useInlineDiffs": false,
        "code": true
      },
      "version": "7.1.4"
    },
    "marge": {
      "options": {
        "reportDir": "cypress/reports",
        "overwrite": false,
        "html": true,
        "json": true
      },
      "version": "6.3.0"
    }
  }
}
