{
  "stats": {
    "suites": 2,
    "tests": 4,
    "passes": 4,
    "pending": 0,
    "failures": 0,
    "start": "2025-10-15T19:32:45.545Z",
    "end": "2025-10-15T19:33:01.962Z",
    "duration": 16417,
    "testsRegistered": 4,
    "passPercent": 100,
    "pendingPercent": 0,
    "other": 0,
    "hasOther": false,
    "skipped": 0,
    "hasSkipped": false
  },
  "results": [
    {
      "uuid": "4e03cad4-f6f5-4bc5-be49-5eb06b7e127a",
      "title": "",
      "fullFile": "cypress\\e2e\\qauto-ls-21.cy.js",
      "file": "cypress\\e2e\\qauto-ls-21.cy.js",
      "beforeHooks": [],
      "afterHooks": [],
      "tests": [],
      "suites": [
        {
          "uuid": "9df65340-b699-4ce9-912a-36e31bb80ac4",
          "title": "Registration and Login tests for QAuto1",
          "fullFile": "",
          "file": "",
          "beforeHooks": [],
          "afterHooks": [],
          "tests": [
            {
              "title": "Registration user - Element-oriented POM",
              "fullTitle": "Registration and Login tests for QAuto1 Registration user - Element-oriented POM",
              "timedOut": null,
              "duration": 4804,
              "state": "passed",
              "speed": "fast",
              "pass": true,
              "fail": false,
              "pending": false,
              "context": null,
              "code": "registrationPage.openRegistrationModal();\nregistrationPage.firstNameInput.clear().type(userData1.firstName).should('have.value', userData1.firstName);\nregistrationPage.lastNameInput.clear().type(userData1.lastName).should('have.value', userData1.lastName);\nregistrationPage.emailInput.clear().type(userData1.email).should('have.value', userData1.email);\nregistrationPage.passwordInput.clear().type(userData1.password, {\n  sensitive: true\n});\nregistrationPage.repeatPasswordInput.clear().type(userData1.password, {\n  sensitive: true\n});\nregistrationPage.registerButton.click();",
              "err": {},
              "uuid": "3325b649-8e3e-45ad-ad17-c84fe981113f",
              "parentUUID": "9df65340-b699-4ce9-912a-36e31bb80ac4",
              "isHook": false,
              "skipped": false
            },
            {
              "title": "Login user - Element-oriented POM",
              "fullTitle": "Registration and Login tests for QAuto1 Login user - Element-oriented POM",
              "timedOut": null,
              "duration": 2453,
              "state": "passed",
              "speed": "fast",
              "pass": true,
              "fail": false,
              "pending": false,
              "context": null,
              "code": "signIn.openLogInModal();\nsignIn.emailInput.clear().type(email).should('have.value', email);\nsignIn.passwordInput.clear().type(password).invoke('val').then(val => expect(val).to.eq(password));\nsignIn.submitLoginButton.click();\nsignIn.alert.should('be.visible').and('contain.text', 'You have been successfully logged in');\ncy.url().should('include', '/garage');\nsignIn.profileDropdown.click();\nsignIn.logoutOption.click();",
              "err": {},
              "uuid": "b00e4c9b-c19b-4ccf-8734-0955612cd1f5",
              "parentUUID": "9df65340-b699-4ce9-912a-36e31bb80ac4",
              "isHook": false,
              "skipped": false
            }
          ],
          "suites": [],
          "passes": [
            "3325b649-8e3e-45ad-ad17-c84fe981113f",
            "b00e4c9b-c19b-4ccf-8734-0955612cd1f5"
          ],
          "failures": [],
          "pending": [],
          "skipped": [],
          "duration": 7257,
          "root": false,
          "rootEmpty": false,
          "_timeout": 2000
        },
        {
          "uuid": "7192f8ae-df02-4cbf-a8d3-57a2dcc5b6e6",
          "title": "Registration and Login tests for QAuto2",
          "fullFile": "",
          "file": "",
          "beforeHooks": [],
          "afterHooks": [],
          "tests": [
            {
              "title": "Registration user2 - Methodological POM",
              "fullTitle": "Registration and Login tests for QAuto2 Registration user2 - Methodological POM",
              "timedOut": null,
              "duration": 3537,
              "state": "passed",
              "speed": "fast",
              "pass": true,
              "fail": false,
              "pending": false,
              "context": null,
              "code": "RegistrationPage2.openRegistrationModal().typeFirstName(userData2.firstName).typeLastName(userData2.lastName).typeEmail(userData2.email).typePassword(userData2.password).clickRegisterButton();",
              "err": {},
              "uuid": "8b0cbe18-4abb-4ae6-9257-dc38188d6087",
              "parentUUID": "7192f8ae-df02-4cbf-a8d3-57a2dcc5b6e6",
              "isHook": false,
              "skipped": false
            },
            {
              "title": "Login user2 - Methodological POM",
              "fullTitle": "Registration and Login tests for QAuto2 Login user2 - Methodological POM",
              "timedOut": null,
              "duration": 2844,
              "state": "passed",
              "speed": "fast",
              "pass": true,
              "fail": false,
              "pending": false,
              "context": null,
              "code": "signInMethodological.openLoginModalMeth().typeEmail(email).typePassword(password).clickLogIn().verifyAlert('You have been successfully logged in').clickProfileDropdown().clickLogout();",
              "err": {},
              "uuid": "844c3d92-369d-4661-ab5b-99a0e67090e3",
              "parentUUID": "7192f8ae-df02-4cbf-a8d3-57a2dcc5b6e6",
              "isHook": false,
              "skipped": false
            }
          ],
          "suites": [],
          "passes": [
            "8b0cbe18-4abb-4ae6-9257-dc38188d6087",
            "844c3d92-369d-4661-ab5b-99a0e67090e3"
          ],
          "failures": [],
          "pending": [],
          "skipped": [],
          "duration": 6381,
          "root": false,
          "rootEmpty": false,
          "_timeout": 2000
        }
      ],
      "passes": [],
      "failures": [],
      "pending": [],
      "skipped": [],
      "duration": 0,
      "root": true,
      "rootEmpty": true,
      "_timeout": 2000
    }
  ],
  "meta": {
    "mocha": {
      "version": "7.2.0"
    },
    "mochawesome": {
      "options": {
        "quiet": false,
        "reportFilename": "mochawesome",
        "saveHtml": true,
        "saveJson": true,
        "consoleReporter": "spec",
        "useInlineDiffs": false,
        "code": true
      },
      "version": "7.1.4"
    },
    "marge": {
      "options": {
        "reportDir": "cypress/reports",
        "overwrite": false,
        "html": true,
        "json": true
      },
      "version": "6.3.0"
    }
  }
}
