{
  "stats": {
    "suites": 1,
    "tests": 15,
    "passes": 15,
    "pending": 0,
    "failures": 0,
    "start": "2025-10-18T19:01:53.563Z",
    "end": "2025-10-18T19:02:45.579Z",
    "duration": 52016,
    "testsRegistered": 15,
    "passPercent": 100,
    "pendingPercent": 0,
    "other": 0,
    "hasOther": false,
    "skipped": 0,
    "hasSkipped": false
  },
  "results": [
    {
      "uuid": "a5d61c78-c33f-4c0d-9230-53564d8be217",
      "title": "",
      "fullFile": "cypress\\e2e\\registration-form-test.cy.js",
      "file": "cypress\\e2e\\registration-form-test.cy.js",
      "beforeHooks": [],
      "afterHooks": [],
      "tests": [],
      "suites": [
        {
          "uuid": "88a9f356-1a28-4530-a7b8-bed30738e127",
          "title": "Registration and Login tests",
          "fullFile": "",
          "file": "",
          "beforeHooks": [],
          "afterHooks": [],
          "tests": [
            {
              "title": "Registration user",
              "fullTitle": "Registration and Login tests Registration user",
              "timedOut": null,
              "duration": 4412,
              "state": "passed",
              "speed": "fast",
              "pass": true,
              "fail": false,
              "pending": false,
              "context": null,
              "code": "cy.url().should('include', 'qauto.forstudy.space');\ncy.get('.header_right > .btn').click();\ncy.contains('.modal-header', 'Log in');\ncy.contains('button', 'Registration').click();\ncy.contains('.modal-header', 'Registration');\ncy.get('#signupName').clear().type(userData.firstName).should('have.value', userData.firstName);\ncy.get('[name=\"lastName\"]').clear().type(userData.lastName).should('have.value', userData.lastName);\ncy.get('[formcontrolname=\"email\"]').clear().type(userData.email).should('have.value', userData.email);\ncy.get('#signupPassword').clear().type(userData.password, {\n  sensitive: true\n}).invoke('val').then(val => {\n  expect(val).to.eq(userData.password);\n});\ncy.get('#signupRepeatPassword').clear().type(userData.password, {\n  sensitive: true\n}).invoke('val').then(val => {\n  expect(val).to.eq(userData.password);\n});\nemail = userData.email;\npassword = userData.password;\ncy.contains('button', 'Register').click();",
              "err": {},
              "uuid": "af17d971-e697-4e4e-b554-1bafcf9487c6",
              "parentUUID": "88a9f356-1a28-4530-a7b8-bed30738e127",
              "isHook": false,
              "skipped": false
            },
            {
              "title": "Login user",
              "fullTitle": "Registration and Login tests Login user",
              "timedOut": null,
              "duration": 2685,
              "state": "passed",
              "speed": "fast",
              "pass": true,
              "fail": false,
              "pending": false,
              "context": null,
              "code": "cy.url().should('include', 'qauto.forstudy.space');\ncy.get('.header_right > .btn').click();\ncy.contains('.modal-header', 'Log in');\ncy.get('#signinEmail').clear().type(email).should('have.value', email);\ncy.get('#signinPassword').clear().type(password).invoke('val').then(val => {\n  expect(val).to.eq(password);\n});\ncy.contains('button', 'Login').click();\ncy.url().should('include', '/garage');\ncy.get('.alert.alert-success').should('be.visible').and('contain.text', 'You have been successfully logged in');\ncy.get('#userNavDropdown').click();\ncy.get('.user-nav_menu .dropdown-item').contains('Logout').click();",
              "err": {},
              "uuid": "591ec1ec-b6aa-4a95-b2c1-dc88227a4ead",
              "parentUUID": "88a9f356-1a28-4530-a7b8-bed30738e127",
              "isHook": false,
              "skipped": false
            },
            {
              "title": "Checking validation \"Name\" Empty field - \"Name is required\"",
              "fullTitle": "Registration and Login tests Checking validation \"Name\" Empty field - \"Name is required\"",
              "timedOut": null,
              "duration": 3334,
              "state": "passed",
              "speed": "fast",
              "pass": true,
              "fail": false,
              "pending": false,
              "context": null,
              "code": "cy.url().should('include', 'qauto.forstudy.space');\ncy.contains('button', 'Sign up').click();\ncy.contains('.modal-header', 'Registration');\ncy.get('#signupName').clear().focus().blur();\ncy.get('[name=\"lastName\"]').clear().type(userData.lastName).should('have.value', userData.lastName);\ncy.get('[formcontrolname=\"email\"]').clear().type(userData.email).should('have.value', userData.email);\ncy.get('#signupPassword').clear().type(userData.password).invoke('val').then(val => {\n  expect(val).to.eq(userData.password);\n});\ncy.get('#signupRepeatPassword').clear().type(userData.password).invoke('val').then(val => {\n  expect(val).to.eq(userData.password);\n});\ncy.get('.invalid-feedback').contains('Name required').should('be.visible');\ncy.contains('button', 'Register').should('be.disabled');",
              "err": {},
              "uuid": "2c25ed0f-9f14-4f2f-8ff8-ab24fc7eba65",
              "parentUUID": "88a9f356-1a28-4530-a7b8-bed30738e127",
              "isHook": false,
              "skipped": false
            },
            {
              "title": "Checking validation \"Name\" Wrong data - \"Name is invalid\"",
              "fullTitle": "Registration and Login tests Checking validation \"Name\" Wrong data - \"Name is invalid\"",
              "timedOut": null,
              "duration": 3319,
              "state": "passed",
              "speed": "fast",
              "pass": true,
              "fail": false,
              "pending": false,
              "context": null,
              "code": "cy.url().should('include', 'qauto.forstudy.space');\ncy.contains('button', 'Sign up').click();\ncy.contains('.modal-header', 'Registration');\ncy.get('#signupName').clear().type('!233').should('have.value', '!233');\ncy.get('[name=\"lastName\"]').clear().type(userData.lastName).should('have.value', userData.lastName);\ncy.get('[formcontrolname=\"email\"]').clear().type(userData.email).should('have.value', userData.email);\ncy.get('#signupPassword').clear().type(userData.password).invoke('val').then(val => {\n  expect(val).to.eq(userData.password);\n});\ncy.get('#signupRepeatPassword').clear().type(userData.password).invoke('val').then(val => {\n  expect(val).to.eq(userData.password);\n});\ncy.get('.invalid-feedback').contains('Name is invalid').should('be.visible');\ncy.get('#signupName').should('have.css', 'border-color', 'rgb(220, 53, 69)');\ncy.contains('button', 'Register').should('be.disabled');",
              "err": {},
              "uuid": "c196f81b-5656-47a2-85aa-ab42fdf11562",
              "parentUUID": "88a9f356-1a28-4530-a7b8-bed30738e127",
              "isHook": false,
              "skipped": false
            },
            {
              "title": "Should accept a valid name",
              "fullTitle": "Registration and Login tests Should accept a valid name",
              "timedOut": null,
              "duration": 3347,
              "state": "passed",
              "speed": "fast",
              "pass": true,
              "fail": false,
              "pending": false,
              "context": null,
              "code": "cy.url().should('include', 'qauto.forstudy.space');\ncy.contains('button', 'Sign up').click();\ncy.contains('.modal-header', 'Registration');\ncy.get('#signupName').clear().type(userData.firstName).should('have.value', userData.firstName);\ncy.get('[name=\"lastName\"]').clear().type(userData.lastName).should('have.value', userData.lastName);\ncy.get('[formcontrolname=\"email\"]').clear().type(userData.email).should('have.value', userData.email);\ncy.get('#signupPassword').clear().type(userData.password).invoke('val').then(val => {\n  expect(val).to.eq(userData.password);\n});\ncy.get('#signupRepeatPassword').clear().type(userData.password).invoke('val').then(val => {\n  expect(val).to.eq(userData.password);\n});\ncy.get('.invalid-feedback').should('not.exist');\ncy.get('#signupName').should('not.have.css', 'border-color', 'rgb(220, 53, 69)');\ncy.contains('button', 'Register').should('not.be.disabled');",
              "err": {},
              "uuid": "9becbcbb-b0ba-4edb-ad12-45547495e0c0",
              "parentUUID": "88a9f356-1a28-4530-a7b8-bed30738e127",
              "isHook": false,
              "skipped": false
            },
            {
              "title": "Checking validation \"Lats Name\" Wrong length - \"Last name has to be from 2 to 20 characters long\"",
              "fullTitle": "Registration and Login tests Checking validation \"Lats Name\" Wrong length - \"Last name has to be from 2 to 20 characters long\"",
              "timedOut": null,
              "duration": 3748,
              "state": "passed",
              "speed": "fast",
              "pass": true,
              "fail": false,
              "pending": false,
              "context": null,
              "code": "cy.url().should('include', 'qauto.forstudy.space');\ncy.contains('button', 'Sign up').click();\ncy.contains('.modal-header', 'Registration');\ncy.get('#signupName').clear().type(userData.firstName).should('have.value', userData.firstName);\ncy.get('[name=\"lastName\"]').clear().type('AlexanderTheGreatHero').should('have.value', 'AlexanderTheGreatHero');\ncy.get('[formcontrolname=\"email\"]').clear().type(userData.email).should('have.value', userData.email);\ncy.get('#signupPassword').clear().type(userData.password).invoke('val').then(val => {\n  expect(val).to.eq(userData.password);\n});\ncy.get('#signupRepeatPassword').clear().type(userData.password).invoke('val').then(val => {\n  expect(val).to.eq(userData.password);\n});\ncy.get('.invalid-feedback').contains('Last name has to be from 2 to 20 characters long').should('be.visible');\ncy.get('[name=\"lastName\"]').should('have.css', 'border-color', 'rgb(220, 53, 69)');\ncy.contains('button', 'Register').should('be.disabled');",
              "err": {},
              "uuid": "4af172d1-b4ff-4f1d-92b1-376a8c758cb3",
              "parentUUID": "88a9f356-1a28-4530-a7b8-bed30738e127",
              "isHook": false,
              "skipped": false
            },
            {
              "title": "Checking validation \"Lats Name\" Wrong data - \"Last name is invalid\"",
              "fullTitle": "Registration and Login tests Checking validation \"Lats Name\" Wrong data - \"Last name is invalid\"",
              "timedOut": null,
              "duration": 3341,
              "state": "passed",
              "speed": "fast",
              "pass": true,
              "fail": false,
              "pending": false,
              "context": null,
              "code": "cy.url().should('include', 'qauto.forstudy.space');\ncy.contains('button', 'Sign up').click();\ncy.contains('.modal-header', 'Registration');\ncy.get('#signupName').clear().type(userData.firstName).should('have.value', userData.firstName);\ncy.get('[name=\"lastName\"]').clear().type('Dora-cal').should('have.value', 'Dora-cal');\ncy.get('[formcontrolname=\"email\"]').clear().type(userData.email).should('have.value', userData.email);\ncy.get('#signupPassword').clear().type(userData.password).invoke('val').then(val => {\n  expect(val).to.eq(userData.password);\n});\ncy.get('#signupRepeatPassword').clear().type(userData.password).invoke('val').then(val => {\n  expect(val).to.eq(userData.password);\n});\ncy.get('.invalid-feedback').contains('Last name is invalid').should('be.visible');\ncy.get('[name=\"lastName\"]').should('have.css', 'border-color', 'rgb(220, 53, 69)');\ncy.contains('button', 'Register').should('be.disabled');",
              "err": {},
              "uuid": "71b5b434-bbbc-46e7-af50-45044a888e60",
              "parentUUID": "88a9f356-1a28-4530-a7b8-bed30738e127",
              "isHook": false,
              "skipped": false
            },
            {
              "title": "Should accept a valid last name",
              "fullTitle": "Registration and Login tests Should accept a valid last name",
              "timedOut": null,
              "duration": 3523,
              "state": "passed",
              "speed": "fast",
              "pass": true,
              "fail": false,
              "pending": false,
              "context": null,
              "code": "cy.url().should('include', 'qauto.forstudy.space');\ncy.contains('button', 'Sign up').click();\ncy.contains('.modal-header', 'Registration');\ncy.get('#signupName').clear().type(userData.firstName).should('have.value', userData.firstName);\ncy.get('[name=\"lastName\"]').clear().type(userData.lastName).should('have.value', userData.lastName);\ncy.get('[formcontrolname=\"email\"]').clear().type(userData.email).should('have.value', userData.email);\ncy.get('#signupPassword').clear().type(userData.password).invoke('val').then(val => {\n  expect(val).to.eq(userData.password);\n});\ncy.get('#signupRepeatPassword').clear().type(userData.password).invoke('val').then(val => {\n  expect(val).to.eq(userData.password);\n});\ncy.get('.invalid-feedback').should('not.exist');\ncy.get('[name=\"lastName\"]').should('not.have.css', 'border-color', 'rgb(220, 53, 69)');\ncy.contains('button', 'Register').should('not.be.disabled');",
              "err": {},
              "uuid": "396cec60-13dd-49db-8cc0-51c3ade56eee",
              "parentUUID": "88a9f356-1a28-4530-a7b8-bed30738e127",
              "isHook": false,
              "skipped": false
            },
            {
              "title": "Checking validation \"Email\" For empty field - \"Email required\"",
              "fullTitle": "Registration and Login tests Checking validation \"Email\" For empty field - \"Email required\"",
              "timedOut": null,
              "duration": 2702,
              "state": "passed",
              "speed": "fast",
              "pass": true,
              "fail": false,
              "pending": false,
              "context": null,
              "code": "cy.url().should('include', 'qauto.forstudy.space');\ncy.contains('button', 'Sign up').click();\ncy.contains('.modal-header', 'Registration');\ncy.get('#signupName').type(userData.firstName).should('have.value', userData.firstName);\ncy.get('[name=\"lastName\"]').clear().type(userData.lastName).should('have.value', userData.lastName);\ncy.get('[formcontrolname=\"email\"]').focus().clear();\ncy.get('#signupPassword').clear().type(userData.password).invoke('val').then(val => {\n  expect(val).to.eq(userData.password);\n});\ncy.get('#signupRepeatPassword').clear().type(userData.password).invoke('val').then(val => {\n  expect(val).to.eq(userData.password);\n});\ncy.get('.invalid-feedback').contains('Email required').should('be.visible');\ncy.get('[formcontrolname=\"email\"]').should('have.css', 'border-color', 'rgb(220, 53, 69)');\ncy.contains('button', 'Register').should('be.disabled');",
              "err": {},
              "uuid": "128ab599-5fd8-4ff2-8274-bbd2baaad15d",
              "parentUUID": "88a9f356-1a28-4530-a7b8-bed30738e127",
              "isHook": false,
              "skipped": false
            },
            {
              "title": "Checking validation \"Email\" Wrong data - \"Email is incorrect\"",
              "fullTitle": "Registration and Login tests Checking validation \"Email\" Wrong data - \"Email is incorrect\"",
              "timedOut": null,
              "duration": 3231,
              "state": "passed",
              "speed": "fast",
              "pass": true,
              "fail": false,
              "pending": false,
              "context": null,
              "code": "cy.url().should('include', 'qauto.forstudy.space');\ncy.contains('button', 'Sign up').click();\ncy.contains('.modal-header', 'Registration');\ncy.get('#signupName').type(userData.firstName).should('have.value', userData.firstName);\ncy.get('[name=\"lastName\"]').clear().type(userData.lastName).should('have.value', userData.lastName);\ncy.get('[formcontrolname=\"email\"]').clear().type('123mail.com').should('have.value', '123mail.com');\ncy.get('#signupPassword').clear().type(userData.password).invoke('val').then(val => {\n  expect(val).to.eq(userData.password);\n});\ncy.get('#signupRepeatPassword').clear().type(userData.password).invoke('val').then(val => {\n  expect(val).to.eq(userData.password);\n});\ncy.get('.invalid-feedback').contains('Email is incorrect').should('be.visible');\ncy.get('[formcontrolname=\"email\"]').should('have.css', 'border-color', 'rgb(220, 53, 69)');\ncy.contains('button', 'Register').should('be.disabled');",
              "err": {},
              "uuid": "383df107-8b7c-4fe2-9beb-1e18e98d8c75",
              "parentUUID": "88a9f356-1a28-4530-a7b8-bed30738e127",
              "isHook": false,
              "skipped": false
            },
            {
              "title": "Should accept a valid Email",
              "fullTitle": "Registration and Login tests Should accept a valid Email",
              "timedOut": null,
              "duration": 3489,
              "state": "passed",
              "speed": "fast",
              "pass": true,
              "fail": false,
              "pending": false,
              "context": null,
              "code": "cy.url().should('include', 'qauto.forstudy.space');\ncy.contains('button', 'Sign up').click();\ncy.contains('.modal-header', 'Registration');\ncy.get('#signupName').clear().type(userData.firstName).should('have.value', userData.firstName);\ncy.get('[name=\"lastName\"]').clear().type(userData.lastName).should('have.value', userData.lastName);\ncy.get('[formcontrolname=\"email\"]').clear().type(userData.email).should('have.value', userData.email);\ncy.get('#signupPassword').clear().type(userData.password).invoke('val').then(val => {\n  expect(val).to.eq(userData.password);\n});\ncy.get('#signupRepeatPassword').clear().type(userData.password).invoke('val').then(val => {\n  expect(val).to.eq(userData.password);\n});\ncy.get('.invalid-feedback').should('not.exist');\ncy.get('[formcontrolname=\"email\"]').should('not.have.css', 'border-color', 'rgb(220, 53, 69)');\ncy.contains('button', 'Register').should('not.be.disabled');",
              "err": {},
              "uuid": "72dc2e49-6a0d-4ae9-8148-4bfadc15f3a0",
              "parentUUID": "88a9f356-1a28-4530-a7b8-bed30738e127",
              "isHook": false,
              "skipped": false
            },
            {
              "title": "Checking validation \"Password \" For empty field error - \"Password required\"",
              "fullTitle": "Registration and Login tests Checking validation \"Password \" For empty field error - \"Password required\"",
              "timedOut": null,
              "duration": 2745,
              "state": "passed",
              "speed": "fast",
              "pass": true,
              "fail": false,
              "pending": false,
              "context": null,
              "code": "cy.url().should('include', 'qauto.forstudy.space');\ncy.contains('button', 'Sign up').click();\ncy.contains('.modal-header', 'Registration');\ncy.get('#signupName').type(userData.firstName).should('have.value', userData.firstName);\ncy.get('[name=\"lastName\"]').clear().type(userData.lastName).should('have.value', userData.lastName);\ncy.get('[formcontrolname=\"email\"]').clear().type(userData.email).should('have.value', userData.email);\ncy.get('#signupPassword').focus().clear();\ncy.get('#signupRepeatPassword').clear().type(userData.password).invoke('val').then(val => {\n  expect(val).to.eq(userData.password);\n});\ncy.get('.invalid-feedback').contains('Password required').should('be.visible');\ncy.get('#signupPassword').should('have.css', 'border-color', 'rgb(220, 53, 69)');\ncy.contains('button', 'Register').should('be.disabled');",
              "err": {},
              "uuid": "c5e274e0-6aee-4d42-ac54-511938733e8f",
              "parentUUID": "88a9f356-1a28-4530-a7b8-bed30738e127",
              "isHook": false,
              "skipped": false
            },
            {
              "title": "Checking validation \"Password \" Wrong data - \"Password has to be from 8 to 15 characters long and contain at least one integer, one capital, and one small letter\"",
              "fullTitle": "Registration and Login tests Checking validation \"Password \" Wrong data - \"Password has to be from 8 to 15 characters long and contain at least one integer, one capital, and one small letter\"",
              "timedOut": null,
              "duration": 3761,
              "state": "passed",
              "speed": "fast",
              "pass": true,
              "fail": false,
              "pending": false,
              "context": null,
              "code": "cy.url().should('include', 'qauto.forstudy.space');\ncy.contains('button', 'Sign up').click();\ncy.contains('.modal-header', 'Registration');\ncy.get('#signupName').type(userData.firstName).should('have.value', userData.firstName);\ncy.get('[name=\"lastName\"]').clear().type(userData.lastName).should('have.value', userData.lastName);\ncy.get('[formcontrolname=\"email\"]').clear().type(userData.email).should('have.value', userData.email);\ncy.get('#signupPassword').clear().type('Qwerqwerqwerqwerqwer').should('have.value', 'Qwerqwerqwerqwerqwer');\ncy.get('#signupRepeatPassword').clear().type(userData.password).invoke('val').then(val => {\n  expect(val).to.eq(userData.password);\n});\ncy.get('.invalid-feedback').contains('Password has to be from 8 to 15 characters long and contain at least one integer, one capital, and one small letter').should('be.visible');\ncy.get('#signupPassword').should('have.css', 'border-color', 'rgb(220, 53, 69)');\ncy.contains('button', 'Register').should('be.disabled');",
              "err": {},
              "uuid": "311b854e-81ef-4d37-8820-364b0baaeac7",
              "parentUUID": "88a9f356-1a28-4530-a7b8-bed30738e127",
              "isHook": false,
              "skipped": false
            },
            {
              "title": "Checking validation \"Re-enter password\" For empty field error - \"Re-enter password required\"",
              "fullTitle": "Registration and Login tests Checking validation \"Re-enter password\" For empty field error - \"Re-enter password required\"",
              "timedOut": null,
              "duration": 3249,
              "state": "passed",
              "speed": "fast",
              "pass": true,
              "fail": false,
              "pending": false,
              "context": null,
              "code": "cy.url().should('include', 'qauto.forstudy.space');\ncy.contains('button', 'Sign up').click();\ncy.contains('.modal-header', 'Registration');\ncy.get('#signupName').type(userData.firstName).should('have.value', userData.firstName);\ncy.get('[name=\"lastName\"]').clear().type(userData.lastName).should('have.value', userData.lastName);\ncy.get('[formcontrolname=\"email\"]').clear().type(userData.email).should('have.value', userData.email);\ncy.get('#signupPassword').clear().type(userData.password).should('have.value', userData.password);\ncy.get('#signupRepeatPassword').focus().clear().blur();\ncy.get('.invalid-feedback').contains('Re-enter password required').should('be.visible');\ncy.get('#signupRepeatPassword').should('have.css', 'border-color', 'rgb(220, 53, 69)');\ncy.contains('button', 'Register').should('be.disabled');",
              "err": {},
              "uuid": "68539361-fcc4-49ac-badd-733d49b5f229",
              "parentUUID": "88a9f356-1a28-4530-a7b8-bed30738e127",
              "isHook": false,
              "skipped": false
            },
            {
              "title": "Checking validation \"Re-enter password\" Passwords do not match.\"",
              "fullTitle": "Registration and Login tests Checking validation \"Re-enter password\" Passwords do not match.\"",
              "timedOut": null,
              "duration": 3466,
              "state": "passed",
              "speed": "fast",
              "pass": true,
              "fail": false,
              "pending": false,
              "context": null,
              "code": "cy.url().should('include', 'qauto.forstudy.space');\ncy.contains('button', 'Sign up').click();\ncy.contains('.modal-header', 'Registration');\ncy.get('#signupName').type(userData.firstName).should('have.value', userData.firstName);\ncy.get('[name=\"lastName\"]').clear().type(userData.lastName).should('have.value', userData.lastName);\ncy.get('[formcontrolname=\"email\"]').clear().type(userData.email).should('have.value', userData.email);\ncy.get('#signupPassword').clear().type(userData.password).invoke('val').then(val => {\n  expect(val).to.eq(userData.password);\n});\ncy.get('#signupRepeatPassword').clear().type('QWEr1235!').blur();\ncy.get('#signupRepeatPassword').invoke('val').then(val => {\n  expect(val).to.eq('QWEr1235!');\n});\ncy.contains('button', 'Register').should('be.disabled');\ncy.get('.invalid-feedback').contains('Passwords do not match').should('be.visible');\ncy.get('#signupRepeatPassword').should('have.css', 'border-color', 'rgb(220, 53, 69)');",
              "err": {},
              "uuid": "55e7543a-98bf-4233-98a1-58f0a86fa513",
              "parentUUID": "88a9f356-1a28-4530-a7b8-bed30738e127",
              "isHook": false,
              "skipped": false
            }
          ],
          "suites": [],
          "passes": [
            "af17d971-e697-4e4e-b554-1bafcf9487c6",
            "591ec1ec-b6aa-4a95-b2c1-dc88227a4ead",
            "2c25ed0f-9f14-4f2f-8ff8-ab24fc7eba65",
            "c196f81b-5656-47a2-85aa-ab42fdf11562",
            "9becbcbb-b0ba-4edb-ad12-45547495e0c0",
            "4af172d1-b4ff-4f1d-92b1-376a8c758cb3",
            "71b5b434-bbbc-46e7-af50-45044a888e60",
            "396cec60-13dd-49db-8cc0-51c3ade56eee",
            "128ab599-5fd8-4ff2-8274-bbd2baaad15d",
            "383df107-8b7c-4fe2-9beb-1e18e98d8c75",
            "72dc2e49-6a0d-4ae9-8148-4bfadc15f3a0",
            "c5e274e0-6aee-4d42-ac54-511938733e8f",
            "311b854e-81ef-4d37-8820-364b0baaeac7",
            "68539361-fcc4-49ac-badd-733d49b5f229",
            "55e7543a-98bf-4233-98a1-58f0a86fa513"
          ],
          "failures": [],
          "pending": [],
          "skipped": [],
          "duration": 50352,
          "root": false,
          "rootEmpty": false,
          "_timeout": 2000
        }
      ],
      "passes": [],
      "failures": [],
      "pending": [],
      "skipped": [],
      "duration": 0,
      "root": true,
      "rootEmpty": true,
      "_timeout": 2000
    }
  ],
  "meta": {
    "mocha": {
      "version": "7.2.0"
    },
    "mochawesome": {
      "options": {
        "quiet": false,
        "reportFilename": "mochawesome",
        "saveHtml": true,
        "saveJson": true,
        "consoleReporter": "spec",
        "useInlineDiffs": false,
        "code": true
      },
      "version": "7.1.4"
    },
    "marge": {
      "options": {
        "reportDir": "cypress/reports",
        "overwrite": false,
        "html": true,
        "json": true
      },
      "version": "6.3.0"
    }
  }
}
