{
  "stats": {
    "suites": 1,
    "tests": 2,
    "passes": 2,
    "pending": 0,
    "failures": 0,
    "start": "2025-10-17T21:07:44.486Z",
    "end": "2025-10-17T21:07:47.944Z",
    "duration": 3458,
    "testsRegistered": 2,
    "passPercent": 100,
    "pendingPercent": 0,
    "other": 0,
    "hasOther": false,
    "skipped": 0,
    "hasSkipped": false
  },
  "results": [
    {
      "uuid": "e30be56c-d7c5-45e3-98b2-a5fddc71bd5d",
      "title": "",
      "fullFile": "cypress\\e2e\\qauto-ls-19.cy.js",
      "file": "cypress\\e2e\\qauto-ls-19.cy.js",
      "beforeHooks": [],
      "afterHooks": [],
      "tests": [],
      "suites": [
        {
          "uuid": "5aeeeda8-a589-44f4-a984-c30bd2fa2f9a",
          "title": "Search Sign Up button and Footer",
          "fullFile": "",
          "file": "",
          "beforeHooks": [],
          "afterHooks": [],
          "tests": [
            {
              "title": "Find \"Sign Up\" button by class",
              "fullTitle": "Search Sign Up button and Footer Find \"Sign Up\" button by class",
              "timedOut": null,
              "duration": 2655,
              "state": "passed",
              "speed": "fast",
              "pass": true,
              "fail": false,
              "pending": false,
              "context": null,
              "code": "// Search by class\ncy.get('.hero-descriptor_btn');",
              "err": {},
              "uuid": "e6feead3-b685-4a2d-b245-332ed5e92d4e",
              "parentUUID": "5aeeeda8-a589-44f4-a984-c30bd2fa2f9a",
              "isHook": false,
              "skipped": false
            },
            {
              "title": "Check footer elements using different selector types",
              "fullTitle": "Search Sign Up button and Footer Check footer elements using different selector types",
              "timedOut": null,
              "duration": 602,
              "state": "passed",
              "speed": "fast",
              "pass": true,
              "fail": false,
              "pending": false,
              "context": null,
              "code": "// Search by multiple classes\ncy.get('.contacts_link.display-4').should('have.attr', 'href', 'https://ithillel.ua');\n// Search by class\ncy.get('.contacts_link.h4');\n// Search by element (icon inside link)\ncy.get('.socials_link .icon-facebook');\n// Search by href attribute (exact match)\ncy.get('[href=\"https://t.me/ithillel_kyiv\"]');\n// Search by href attribute (partial match)\ncy.get('[href*=\"www.youtube.com\"]');\n// Search by tag + class + href part\ncy.get('a.socials_link[href*=\"instagram.com\"]');\n// Find the last element via child selector\ncy.get('.socials_link:last-child');",
              "err": {},
              "uuid": "2a168b8d-bdfc-4bf9-8a01-cfb23c94ceda",
              "parentUUID": "5aeeeda8-a589-44f4-a984-c30bd2fa2f9a",
              "isHook": false,
              "skipped": false
            }
          ],
          "suites": [],
          "passes": [
            "e6feead3-b685-4a2d-b245-332ed5e92d4e",
            "2a168b8d-bdfc-4bf9-8a01-cfb23c94ceda"
          ],
          "failures": [],
          "pending": [],
          "skipped": [],
          "duration": 3257,
          "root": false,
          "rootEmpty": false,
          "_timeout": 2000
        }
      ],
      "passes": [],
      "failures": [],
      "pending": [],
      "skipped": [],
      "duration": 0,
      "root": true,
      "rootEmpty": true,
      "_timeout": 2000
    }
  ],
  "meta": {
    "mocha": {
      "version": "7.2.0"
    },
    "mochawesome": {
      "options": {
        "quiet": false,
        "reportFilename": "mochawesome",
        "saveHtml": true,
        "saveJson": true,
        "consoleReporter": "spec",
        "useInlineDiffs": false,
        "code": true
      },
      "version": "7.1.4"
    },
    "marge": {
      "options": {
        "reportDir": "cypress/reports",
        "overwrite": false,
        "html": true,
        "json": true
      },
      "version": "6.3.0"
    }
  }
}
