{
  "stats": {
    "suites": 2,
    "tests": 5,
    "passes": 3,
    "pending": 0,
    "failures": 2,
    "start": "2025-10-17T20:31:03.995Z",
    "end": "2025-10-17T20:31:22.971Z",
    "duration": 18976,
    "testsRegistered": 5,
    "passPercent": 60,
    "pendingPercent": 0,
    "other": 0,
    "hasOther": false,
    "skipped": 0,
    "hasSkipped": false
  },
  "results": [
    {
      "uuid": "5b7dd6fd-b7fa-45f4-94a6-e476d6fe7c82",
      "title": "",
      "fullFile": "cypress\\e2e\\qauto-ls-21.cy.js",
      "file": "cypress\\e2e\\qauto-ls-21.cy.js",
      "beforeHooks": [],
      "afterHooks": [],
      "tests": [],
      "suites": [
        {
          "uuid": "bef615d8-5347-41b2-ac3a-c9f37a1e68e1",
          "title": "Registration and Login tests for QAuto1",
          "fullFile": "",
          "file": "",
          "beforeHooks": [],
          "afterHooks": [],
          "tests": [
            {
              "title": "Registration user - Element-oriented POM",
              "fullTitle": "Registration and Login tests for QAuto1 Registration user - Element-oriented POM",
              "timedOut": null,
              "duration": 4678,
              "state": "passed",
              "speed": "fast",
              "pass": true,
              "fail": false,
              "pending": false,
              "context": null,
              "code": "registrationPage.openRegistrationModal();\nregistrationPage.firstNameInput.clear().type(userData1.firstName).should('have.value', userData1.firstName);\nregistrationPage.lastNameInput.clear().type(userData1.lastName).should('have.value', userData1.lastName);\nregistrationPage.emailInput.clear().type(userData1.email).should('have.value', userData1.email);\nregistrationPage.passwordInput.clear().type(userData1.password, {\n  sensitive: true\n});\nregistrationPage.repeatPasswordInput.clear().type(userData1.password, {\n  sensitive: true\n});\nregistrationPage.registerButton.click();",
              "err": {},
              "uuid": "7aee5dc9-8baa-48b0-ab36-4972095ddf7b",
              "parentUUID": "bef615d8-5347-41b2-ac3a-c9f37a1e68e1",
              "isHook": false,
              "skipped": false
            },
            {
              "title": "Login user - Element-oriented POM",
              "fullTitle": "Registration and Login tests for QAuto1 Login user - Element-oriented POM",
              "timedOut": null,
              "duration": 2510,
              "state": "passed",
              "speed": "fast",
              "pass": true,
              "fail": false,
              "pending": false,
              "context": null,
              "code": "signIn.openLogInModal();\nsignIn.emailInput.clear().type(email).should('have.value', email);\nsignIn.passwordInput.clear().type(password).invoke('val').then(val => expect(val).to.eq(password));\nsignIn.submitLoginButton.click();\nsignIn.alert.should('be.visible').and('contain.text', 'You have been successfully logged in');\ncy.url().should('include', '/garage');\nsignIn.profileDropdown.click();\nsignIn.logoutOption.click();",
              "err": {},
              "uuid": "293b33ff-d488-4719-840d-fa387da2623c",
              "parentUUID": "bef615d8-5347-41b2-ac3a-c9f37a1e68e1",
              "isHook": false,
              "skipped": false
            },
            {
              "title": "Homework ",
              "fullTitle": "Registration and Login tests for QAuto1 Homework ",
              "timedOut": null,
              "duration": 4888,
              "state": "passed",
              "speed": "fast",
              "pass": true,
              "fail": false,
              "pending": false,
              "context": null,
              "code": "cy.get('.header_right > .btn').click();\ncy.contains('.modal-header', 'Log in');\ncy.get('#signinEmail').clear().type(email).should('have.value', email);\ncy.get('#signinPassword').clear().type(password).invoke('val').then(val => {\n  expect(val).to.eq(password);\n});\ncy.contains('button', 'Login').click();\ncy.url().should('include', '/garage');\ncy.contains('button', 'Add car').click();\ncy.get('h4').should('have.text', 'Add a car');\ncy.get('#addCarBrand').select('BMW').should('have.value', '1: 2');\ncy.get('#addCarModel').select('X5').should('have.value', '7: 8');\ncy.get('#addCarMileage').type('5500').should('have.value', '5500');\ncy.get('.modal-footer > .btn-primary').should('be.visible').click();\ncy.get('p.car_name.h2').should('have.text', 'BMW X5');\ncy.contains('button', 'Add fuel expense').click();\ncy.get('h4').should('have.text', 'Add an expense');\ncy.get('#addExpenseCar').find('option:selected').should('have.text', 'BMW X5');\ncy.get('#addExpenseDate').clear().type('17.10.2025').should('have.value', '17.10.2025');\ncy.get('#addExpenseMileage').clear().type('20000').should('have.value', '20000');\ncy.get('#addExpenseLiters').clear().type('80').should('have.value', '80');\ncy.get('#addExpenseTotalCost').clear().type('9000').should('have.value', '9000');\ncy.get('.modal-footer').within(() => {\n  cy.get('button.btn-primary').contains('Add').click();\n});",
              "err": {},
              "uuid": "0f68a672-ee62-4245-a2d4-67848b8264bf",
              "parentUUID": "bef615d8-5347-41b2-ac3a-c9f37a1e68e1",
              "isHook": false,
              "skipped": false
            }
          ],
          "suites": [
            {
              "uuid": "50d201fa-eb47-4436-a804-c518a0b6c39f",
              "title": "Registration and Login tests for QAuto2",
              "fullFile": "",
              "file": "",
              "beforeHooks": [],
              "afterHooks": [],
              "tests": [
                {
                  "title": "Registration user2 - Methodological POM",
                  "fullTitle": "Registration and Login tests for QAuto1 Registration and Login tests for QAuto2 Registration user2 - Methodological POM",
                  "timedOut": null,
                  "duration": 904,
                  "state": "failed",
                  "speed": null,
                  "pass": false,
                  "fail": true,
                  "pending": false,
                  "context": null,
                  "code": "cy.origin(qauto2Config.baseUrl, () => {\n  RegistrationPage2.openRegistrationModal().typeFirstName(userData2.firstName).typeLastName(userData2.lastName).typeEmail(userData2.email).typePassword(userData2.password).clickRegisterButton();\n});",
                  "err": {
                    "message": "ReferenceError: RegistrationPage2 is not defined\n\nVariables must either be defined within the `cy.origin()` command or passed in using the args option.\n\nUsing `require()` or `import()` within the `cy.origin()` callback is not supported. Use `Cypress.require()` to include dependencies instead, but note that it currently requires enabling the `experimentalOriginDependencies` flag.\n\nhttps://on.cypress.io/origin",
                    "estack": "ReferenceError: RegistrationPage2 is not defined\n\nVariables must either be defined within the `cy.origin()` command or passed in using the args option.\n\nUsing `require()` or `import()` within the `cy.origin()` callback is not supported. Use `Cypress.require()` to include dependencies instead, but note that it currently requires enabling the `experimentalOriginDependencies` flag.\n\nhttps://on.cypress.io/origin\n    at Context.eval (webpack://cypress-test-project/./cypress/e2e/qauto-ls-21.cy.js:146:7)\n    at runnable.fn (https://qauto.forstudy.space/__cypress/runner/cypress_runner.js:141863:19)\n    at callFn (https://qauto.forstudy.space/__cypress/runner/cypress_runner.js:160932:21)\n    at Runnable.run (https://qauto.forstudy.space/__cypress/runner/cypress_runner.js:160919:7)\n    at <unknown> (https://qauto.forstudy.space/__cypress/runner/cypress_runner.js:167014:30)\n    at PassThroughHandlerContext.finallyHandler (https://qauto.forstudy.space/__cypress/runner/cypress_runner.js:4042:23)\n    at PassThroughHandlerContext.tryCatcher (https://qauto.forstudy.space/__cypress/runner/cypress_runner.js:1777:23)\n    at Promise._settlePromiseFromHandler (https://qauto.forstudy.space/__cypress/runner/cypress_runner.js:1489:31)",
                    "diff": null
                  },
                  "uuid": "fbbbb2fd-a335-464a-bada-c4a6f9faa041",
                  "parentUUID": "50d201fa-eb47-4436-a804-c518a0b6c39f",
                  "isHook": false,
                  "skipped": false
                },
                {
                  "title": "Login user2 - Methodological POM",
                  "fullTitle": "Registration and Login tests for QAuto1 Registration and Login tests for QAuto2 Login user2 - Methodological POM",
                  "timedOut": null,
                  "duration": 1001,
                  "state": "failed",
                  "speed": null,
                  "pass": false,
                  "fail": true,
                  "pending": false,
                  "context": null,
                  "code": "cy.origin(qauto2Config.baseUrl, () => {\n  signInMethodological.openLoginModalMeth().typeEmail(email).typePassword(password).clickLogIn().verifyAlert('You have been successfully logged in').clickProfileDropdown().clickLogout();\n});",
                  "err": {
                    "message": "ReferenceError: signInMethodological is not defined\n\nVariables must either be defined within the `cy.origin()` command or passed in using the args option.\n\nUsing `require()` or `import()` within the `cy.origin()` callback is not supported. Use `Cypress.require()` to include dependencies instead, but note that it currently requires enabling the `experimentalOriginDependencies` flag.\n\nhttps://on.cypress.io/origin",
                    "estack": "ReferenceError: signInMethodological is not defined\n\nVariables must either be defined within the `cy.origin()` command or passed in using the args option.\n\nUsing `require()` or `import()` within the `cy.origin()` callback is not supported. Use `Cypress.require()` to include dependencies instead, but note that it currently requires enabling the `experimentalOriginDependencies` flag.\n\nhttps://on.cypress.io/origin\n    at Context.eval (webpack://cypress-test-project/./cypress/e2e/qauto-ls-21.cy.js:158:7)\n    at runnable.fn (https://qauto.forstudy.space/__cypress/runner/cypress_runner.js:141863:19)\n    at callFn (https://qauto.forstudy.space/__cypress/runner/cypress_runner.js:160932:21)\n    at Runnable.run (https://qauto.forstudy.space/__cypress/runner/cypress_runner.js:160919:7)\n    at <unknown> (https://qauto.forstudy.space/__cypress/runner/cypress_runner.js:167014:30)\n    at PassThroughHandlerContext.finallyHandler (https://qauto.forstudy.space/__cypress/runner/cypress_runner.js:4042:23)\n    at PassThroughHandlerContext.tryCatcher (https://qauto.forstudy.space/__cypress/runner/cypress_runner.js:1777:23)\n    at Promise._settlePromiseFromHandler (https://qauto.forstudy.space/__cypress/runner/cypress_runner.js:1489:31)",
                    "diff": null
                  },
                  "uuid": "6c174447-80b5-4d58-b77b-9286fc9edd7d",
                  "parentUUID": "50d201fa-eb47-4436-a804-c518a0b6c39f",
                  "isHook": false,
                  "skipped": false
                }
              ],
              "suites": [],
              "passes": [],
              "failures": [
                "fbbbb2fd-a335-464a-bada-c4a6f9faa041",
                "6c174447-80b5-4d58-b77b-9286fc9edd7d"
              ],
              "pending": [],
              "skipped": [],
              "duration": 1905,
              "root": false,
              "rootEmpty": false,
              "_timeout": 2000
            }
          ],
          "passes": [
            "7aee5dc9-8baa-48b0-ab36-4972095ddf7b",
            "293b33ff-d488-4719-840d-fa387da2623c",
            "0f68a672-ee62-4245-a2d4-67848b8264bf"
          ],
          "failures": [],
          "pending": [],
          "skipped": [],
          "duration": 12076,
          "root": false,
          "rootEmpty": false,
          "_timeout": 2000
        }
      ],
      "passes": [],
      "failures": [],
      "pending": [],
      "skipped": [],
      "duration": 0,
      "root": true,
      "rootEmpty": true,
      "_timeout": 2000
    }
  ],
  "meta": {
    "mocha": {
      "version": "7.2.0"
    },
    "mochawesome": {
      "options": {
        "quiet": false,
        "reportFilename": "mochawesome",
        "saveHtml": true,
        "saveJson": true,
        "consoleReporter": "spec",
        "useInlineDiffs": false,
        "code": true
      },
      "version": "7.1.4"
    },
    "marge": {
      "options": {
        "reportDir": "cypress/reports",
        "overwrite": false,
        "html": true,
        "json": true
      },
      "version": "6.3.0"
    }
  }
}
